[    0.000000] Initializing cgroup subsys cpuset
[    0.000000] Initializing cgroup subsys cpu
[    0.000000] Initializing cgroup subsys cpuacct
[    0.000000] Linux version 4.4.0-77-generic (buildd@lgw01-59) (gcc version 5.4.0 20160609 (Ubuntu 5.4.0-6ubuntu1~16.04.4) ) #98-Ubuntu SMP Wed Apr 26 08:34:02 UTC 2017 (Ubuntu 4.4.0-77.98-generic 4.4.59)
[    0.000000] Command line: BOOT_IMAGE=/boot/vmlinuz-4.4.0-77-generic root=LABEL=cloudimg-rootfs ro console=tty1 console=ttyS0
[    0.000000] KERNEL supported cpus:
[    0.000000]   Intel GenuineIntel
[    0.000000]   AMD AuthenticAMD
[    0.000000]   Centaur CentaurHauls
[    0.000000] x86/fpu: xstate_offset[2]:  576, xstate_sizes[2]:  256
[    0.000000] x86/fpu: Supporting XSAVE feature 0x01: 'x87 floating point registers'
[    0.000000] x86/fpu: Supporting XSAVE feature 0x02: 'SSE registers'
[    0.000000] x86/fpu: Supporting XSAVE feature 0x04: 'AVX registers'
[    0.000000] x86/fpu: Enabled xstate features 0x7, context size is 832 bytes, using 'standard' format.
[    0.000000] x86/fpu: Using 'lazy' FPU context switches.
[    0.000000] e820: BIOS-provided physical RAM map:
[    0.000000] BIOS-e820: [mem 0x0000000000000000-0x000000000009fbff] usable
[    0.000000] BIOS-e820: [mem 0x000000000009fc00-0x000000000009ffff] reserved
[    0.000000] BIOS-e820: [mem 0x00000000000f0000-0x00000000000fffff] reserved
[    0.000000] BIOS-e820: [mem 0x0000000000100000-0x000000007ffeffff] usable
[    0.000000] BIOS-e820: [mem 0x000000007fff0000-0x000000007fffffff] ACPI data
[    0.000000] BIOS-e820: [mem 0x00000000fec00000-0x00000000fec00fff] reserved
[    0.000000] BIOS-e820: [mem 0x00000000fee00000-0x00000000fee00fff] reserved
[    0.000000] BIOS-e820: [mem 0x00000000fffc0000-0x00000000ffffffff] reserved
[    0.000000] NX (Execute Disable) protection: active
[    0.000000] SMBIOS 2.5 present.
[    0.000000] Hypervisor detected: KVM
[    0.000000] e820: last_pfn = 0x7fff0 max_arch_pfn = 0x400000000
[    0.000000] MTRR: Disabled
[    0.000000] x86/PAT: MTRRs disabled, skipping PAT initialization too.
[    0.000000] x86/PAT: Configuration [0-7]: WB  WT  UC- UC  WB  WT  UC- UC  
[    0.000000] CPU MTRRs all blank - virtualized system.
[    0.000000] found SMP MP-table at [mem 0x0009fff0-0x0009ffff] mapped at [ffff88000009fff0]
[    0.000000] Scanning 1 areas for low memory corruption
[    0.000000] RAMDISK: [mem 0x36aea000-0x3756cfff]
[    0.000000] ACPI: Early table checksum verification disabled
[    0.000000] ACPI: RSDP 0x00000000000E0000 000024 (v02 VBOX  )
[    0.000000] ACPI: XSDT 0x000000007FFF0030 00003C (v01 VBOX   VBOXXSDT 00000001 ASL  00000061)
[    0.000000] ACPI: FACP 0x000000007FFF00F0 0000F4 (v04 VBOX   VBOXFACP 00000001 ASL  00000061)
[    0.000000] ACPI: DSDT 0x000000007FFF0470 00210F (v01 VBOX   VBOXBIOS 00000002 INTL 20100528)
[    0.000000] ACPI: FACS 0x000000007FFF0200 000040
[    0.000000] ACPI: FACS 0x000000007FFF0200 000040
[    0.000000] ACPI: APIC 0x000000007FFF0240 00005C (v02 VBOX   VBOXAPIC 00000001 ASL  00000061)
[    0.000000] ACPI: SSDT 0x000000007FFF02A0 0001CC (v01 VBOX   VBOXCPUT 00000002 INTL 20100528)
[    0.000000] No NUMA configuration found
[    0.000000] Faking a node at [mem 0x0000000000000000-0x000000007ffeffff]
[    0.000000] NODE_DATA(0) allocated [mem 0x7ffeb000-0x7ffeffff]
[    0.000000] kvm-clock: Using msrs 4b564d01 and 4b564d00
[    0.000000] kvm-clock: cpu 0, msr 0:7ffe3001, primary cpu clock
[    0.000000] kvm-clock: using sched offset of 2958246883 cycles
[    0.000000] clocksource: kvm-clock: mask: 0xffffffffffffffff max_cycles: 0x1cd42e4dffb, max_idle_ns: 881590591483 ns
[    0.000000] Zone ranges:
[    0.000000]   DMA      [mem 0x0000000000001000-0x0000000000ffffff]
[    0.000000]   DMA32    [mem 0x0000000001000000-0x000000007ffeffff]
[    0.000000]   Normal   empty
[    0.000000]   Device   empty
[    0.000000] Movable zone start for each node
[    0.000000] Early memory node ranges
[    0.000000]   node   0: [mem 0x0000000000001000-0x000000000009efff]
[    0.000000]   node   0: [mem 0x0000000000100000-0x000000007ffeffff]
[    0.000000] Initmem setup node 0 [mem 0x0000000000001000-0x000000007ffeffff]
[    0.000000] ACPI: PM-Timer IO Port: 0x4008
[    0.000000] IOAPIC[0]: apic_id 2, version 32, address 0xfec00000, GSI 0-23
[    0.000000] ACPI: INT_SRC_OVR (bus 0 bus_irq 0 global_irq 2 dfl dfl)
[    0.000000] ACPI: INT_SRC_OVR (bus 0 bus_irq 9 global_irq 9 high level)
[    0.000000] Using ACPI (MADT) for SMP configuration information
[    0.000000] smpboot: Allowing 2 CPUs, 0 hotplug CPUs
[    0.000000] PM: Registered nosave memory: [mem 0x00000000-0x00000fff]
[    0.000000] PM: Registered nosave memory: [mem 0x0009f000-0x0009ffff]
[    0.000000] PM: Registered nosave memory: [mem 0x000a0000-0x000effff]
[    0.000000] PM: Registered nosave memory: [mem 0x000f0000-0x000fffff]
[    0.000000] e820: [mem 0x80000000-0xfebfffff] available for PCI devices
[    0.000000] Booting paravirtualized kernel on KVM
[    0.000000] clocksource: refined-jiffies: mask: 0xffffffff max_cycles: 0xffffffff, max_idle_ns: 7645519600211568 ns
[    0.000000] setup_percpu: NR_CPUS:512 nr_cpumask_bits:512 nr_cpu_ids:2 nr_node_ids:1
[    0.000000] PERCPU: Embedded 33 pages/cpu @ffff88007fc00000 s98264 r8192 d28712 u1048576
[    0.000000] PV qspinlock hash table entries: 256 (order: 0, 4096 bytes)
[    0.000000] Built 1 zonelists in Node order, mobility grouping on.  Total pages: 515961
[    0.000000] Policy zone: DMA32
[    0.000000] Kernel command line: BOOT_IMAGE=/boot/vmlinuz-4.4.0-77-generic root=LABEL=cloudimg-rootfs ro console=tty1 console=ttyS0
[    0.000000] PID hash table entries: 4096 (order: 3, 32768 bytes)
[    0.000000] Memory: 2034008K/2096696K available (8449K kernel code, 1294K rwdata, 3980K rodata, 1484K init, 1316K bss, 62688K reserved, 0K cma-reserved)
[    0.000000] SLUB: HWalign=64, Order=0-3, MinObjects=0, CPUs=2, Nodes=1
[    0.000000] Hierarchical RCU implementation.
[    0.000000] 	Build-time adjustment of leaf fanout to 64.
[    0.000000] 	RCU restricting CPUs from NR_CPUS=512 to nr_cpu_ids=2.
[    0.000000] RCU: Adjusting geometry for rcu_fanout_leaf=64, nr_cpu_ids=2
[    0.000000] NR_IRQS:33024 nr_irqs:440 16
[    0.000000] Console: colour VGA+ 80x25
[    0.000000] console [tty1] enabled
[    0.000000] console [ttyS0] enabled
[    0.000000] tsc: Detected 2194.918 MHz processor
[   12.628711] Calibrating delay loop (skipped) preset value.. 4389.83 BogoMIPS (lpj=8779672)
[   12.710005] pid_max: default: 32768 minimum: 301
[   12.761035] ACPI: Core revision 20150930
[   12.782369] ACPI: 2 ACPI AML tables successfully acquired and loaded
[   12.904906] Security Framework initialized
[   12.979393] Yama: becoming mindful.
[   13.041437] AppArmor: AppArmor initialized
[   13.108028] Dentry cache hash table entries: 262144 (order: 9, 2097152 bytes)
[   13.241914] Inode-cache hash table entries: 131072 (order: 8, 1048576 bytes)
[   13.369649] Mount-cache hash table entries: 4096 (order: 3, 32768 bytes)
[   13.469779] Mountpoint-cache hash table entries: 4096 (order: 3, 32768 bytes)
[   13.551156] Initializing cgroup subsys io
[   13.588553] Initializing cgroup subsys memory
[   13.653891] Initializing cgroup subsys devices
[   13.748444] Initializing cgroup subsys freezer
[   13.837175] Initializing cgroup subsys net_cls
[   13.914135] Initializing cgroup subsys perf_event
[   13.994491] Initializing cgroup subsys net_prio
[   14.071285] Initializing cgroup subsys hugetlb
[   14.167731] Initializing cgroup subsys pids
[   14.247825] CPU: Physical Processor ID: 0
[   14.333727] CPU: Processor Core ID: 0
[   14.402306] mce: CPU supports 0 MCE banks
[   14.484615] Last level iTLB entries: 4KB 1024, 2MB 1024, 4MB 1024
[   14.603661] Last level dTLB entries: 4KB 1024, 2MB 1024, 4MB 1024, 1GB 4
[   14.675463] Freeing SMP alternatives memory: 32K (ffffffff820b8000 - ffffffff820c0000)
[   14.710154] ftrace: allocating 32117 entries in 126 pages
[   14.845055] smpboot: APIC(0) Converting physical 0 to logical package 0
[   14.971530] smpboot: Max logical packages: 1
[   15.046189] x2apic enabled
[   15.098391] Switched APIC routing to physical x2apic.
[   15.203182] ..TIMER: vector=0x30 apic1=0 pin1=2 apic2=-1 pin2=-1
[   15.433523] smpboot: CPU0: Intel(R) Core(TM) i7-4770HQ CPU @ 2.20GHz (family: 0x6, model: 0x46, stepping: 0x1)
[   15.656451] Performance Events: unsupported p6 CPU model 70 no PMU driver, software events only.
[   15.783114] KVM setup paravirtual spinlock
[   15.799374] x86: Booting SMP configuration:
[   15.800148] .... node  #0, CPUs:      #1
[   15.867852] kvm-clock: cpu 1, msr 0:7ffe3041, secondary cpu clokk
[   16.033520] mce: CPU supports 0 MCE banks
[   16.129428] x86: Booted up 1 node, 2 CPUs
[   16.212882] smpboot: Total of 2 processors activated (8779.67 BogoMIPS)
[   16.378407] devtmpfs: initialized
[   16.446800] evm: security.selinux
[   16.525358] evm: security.SMACK64
[   16.578022] evm: security.SMACK64EXEC
[   16.662346] evm: security.SMACK64TRANSMUTE
[   16.743359] evm: security.SMACK64MMAP
[   16.822666] evm: security.ima
[   16.852312] evm: security.capability
[   16.872786] clocksource: jiffies: mask: 0xffffffff max_cycles: 0xffffffff, max_idle_ns: 7645041785100000 ns
[   17.019080] futex hash table entries: 512 (order: 3, 32768 bytes)
[   17.169797] pinctrl core: initialized pinctrl subsystem
[   17.268189] RTC time:  3:57:50, date: 07/19/17
[   17.374153] NET: Registered protocol family 16
[   17.457939] cpuidle: using governor ladder
[   17.545809] cpuidle: using governor menu
[   17.637312] PCCT header not found.
[   17.687537] ACPI: bus type PCI registered
[   17.771078] acpiphp: ACPI Hot Plug PCI Controller Driver version: 0.5
[   17.907474] PCI: Using configuration type 1 for base access
[   17.973704] ACPI: Added _OSI(Module Device)
[   18.038305] ACPI: Added _OSI(Processor Device)
[   18.142036] ACPI: Added _OSI(3.0 _SCP Extensions)
[   18.255519] ACPI: Added _OSI(Processor Aggregator Device)
[   18.371945] ACPI: Executed 1 blocks of module-level executable AML code
[   18.503550] ACPI: Interpreter enabled
[   18.551353] ACPI: (supports S0 S5)
[   18.618937] ACPI: Using IOAPIC for interrupt routing
[   18.722764] PCI: Using host bridge windows from ACPI; if necessary, use "pci=nocrs" and report a bug
[   18.934275] ACPI: PCI Root Bridge [PCI0] (domain 0000 [bus 00-ff])
[   19.033619] acpi PNP0A03:00: _OSC: OS supports [ASPM ClockPM Segments MSI]
[   19.034735] acpi PNP0A03:00: _OSC failed (AE_NOT_FOUND); disabling ASPM
[   19.103168] acpi PNP0A03:00: fail to add MMCONFIG information, can't access extended PCI configuration space under this bridge.
[   19.350584] PCI host bridge to bus 0000:00
[   19.457574] pci_bus 0000:00: root bus resource [io  0x0000-0x0cf7 window]
[   19.584266] pci_bus 0000:00: root bus resource [io  0x0d00-0xffff window]
[   19.733718] pci_bus 0000:00: root bus resource [mem 0x000a0000-0x000bffff window]
[   19.904920] pci_bus 0000:00: root bus resource [mem 0x80000000-0xffdfffff window]
[   20.054480] pci_bus 0000:00: root bus resource [bus 00-ff]
[   20.152214] pci 0000:00:01.1: legacy IDE quirk: reg 0x10: [io  0x01f0-0x01f7]
[   20.238591] pci 0000:00:01.1: legacy IDE quirk: reg 0x14: [io  0x03f6]
[   20.375160] pci 0000:00:01.1: legacy IDE quirk: reg 0x18: [io  0x0170-0x0177]
[   20.518686] pci 0000:00:01.1: legacy IDE quirk: reg 0x1c: [io  0x0376]
[   20.683366] pci 0000:00:07.0: quirk: [io  0x4000-0x403f] claimed by PIIX4 ACPI
[   20.858161] pci 0000:00:07.0: quirk: [io  0x4100-0x410f] claimed by PIIX4 SMB
[   21.038877] ACPI: PCI Interrupt Link [LNKA] (IRQs 5 9 10 *11)
[   21.141878] ACPI: PCI Interrupt Link [LNKB] (IRQs 5 9 10 *11)
[   21.222431] ACPI: PCI Interrupt Link [LNKC] (IRQs 5 9 *10 11)
[   21.262409] ACPI: PCI Interrupt Link [LNKD] (IRQs 5 *9 10 11)
[   21.363608] ACPI: Enabled 2 GPEs in block 00 to 07
[   21.462457] vgaarb: setting as boot device: PCI:0000:00:02.0
[   21.581604] vgaarb: device added: PCI:0000:00:02.0,decodes=io+mem,owns=io+mem,locks=none
[   21.751638] vgaarb: loaded
[   21.815865] vgaarb: bridge control possible 0000:00:02.0
[   21.934045] SCSI subsystem initialized
[   22.015522] ACPI: bus type USB registered
[   22.100363] usbcore: registered new interface driver usbfs
[   22.219174] usbcore: registered new interface driver hub
[   22.313673] usbcore: registered new device driver usb
[   22.358635] PCI: Using ACPI for IRQ routing
[   22.382440] NetLabel: Initializing
[   22.455263] NetLabel:  domain hash size = 128
[   22.540233] NetLabel:  protocols = UNLABELED CIPSOv4
[   22.636909] NetLabel:  unlabeled traffic allowed by default
[   22.760963] amd_nb: Cannot enumerate AMD northbridges
[   22.884647] clocksource: Switched to clocksource kvm-clock
[   23.038667] AppArmor: AppArmor Filesystem Enabled
[   23.141619] pnp: PnP ACPI init
[   23.217961] pnp: PnP ACPI: found 3 devices
[   23.333695] clocksource: acpi_pm: mask: 0xffffff max_cycles: 0xffffff, max_idle_ns: 2085701024 ns
[   23.516585] NET: Registered protocol family 2
[   23.624165] TCP established hash table entries: 16384 (order: 5, 131072 bytes)
[   23.799175] TCP bind hash table entries: 16384 (order: 6, 262144 bytes)
[   23.944537] TCP: Hash tables configured (established 16384 bind 16384)
[   24.089075] UDP hash table entries: 1024 (order: 3, 32768 bytes)
[   24.234401] UDP-Lite hash table entries: 1024 (order: 3, 32768 bytes)
[   24.401573] NET: Registered protocol family 1
[   24.491162] pci 0000:00:00.0: Limiting direct PCI/PCI transfers
[   24.580302] pci 0000:00:01.0: Activating ISA DMA hang workarounds
[   24.704382] Unpacking initramfs...
[   26.445207] Freeing initrd memory: 10764K (ffff880036aea000 - ffff88003756d000)
[   26.585451] platform rtc_cmos: registered platform RTC device (no PNP device found)
[   26.696138] Scanning for low memory corruption every 60 seconds
[   26.717240] audit: initializing netlink subsys (disabled)
[   26.788508] audit: type=2000 audit(1500436661.878:1): initialized
[   27.038103] Initialise system trusted keyring
[   27.198932] HugeTLB registered 2 MB page size, pre-allocated 0 pages
[   27.392000] zbud: loaded
[   27.498534] VFS: Disk quotas dquot_6.6.0
[   27.594389] tsc: Refined TSC clocksource calibration: 2194.340 MHz
[   27.738904] clocksource: tsc: mask: 0xffffffffffffffff max_cycles: 0x1fa14ff4c8d, max_idle_ns: 440795269822 ns
[   27.739040] VFS: Dquot-cache hash table entries: 512 (order 0, 4096 bytes)
[   27.739359] squashfs: version 4.0 (2009/01/31) Phillip Lougher
[   27.806359] fuse init (API version 7.23)
[   27.806501] Key type big_key registered
[   27.806522] Allocating IMA MOK and blacklist keyrings.
[   27.806758] Key type asymmetric registered
[   27.806764] Asymmetric key parser 'x509' registered
[   27.806801] Block layer SCSI generic (bsg) driver version 0.4 loaded (major 249)
[   27.806833] io scheduler noop registered
[   27.806835] io scheduler deadline registered (default)
[   27.806861] io scheduler cfq registered
[   27.806966] pci_hotplug: PCI Hot Plug PCI Core version: 0.5
[   27.806970] pciehp: PCI Express Hot Plug Controller Driver version: 0.4
[   27.807259] ACPI: AC Adapter [AC] (on-line)
[   27.807327] input: Power Button as /devices/LNXSYSTM:00/LNXPWRBN:00/input/input0
[   27.807330] ACPI: Power Button [PWRF]
[   27.807437] input: Sleep Button as /devices/LNXSYSTM:00/LNXSLPBN:00/input/input1
[   27.807439] ACPI: Sleep Button [SLPF]
[   27.807562] GHES: HEST is not enabled!
[   27.807628] Serial: 8250/16550 driver, 32 ports, IRQ sharing enabled
[   27.867444] 00:02: ttyS0 at I/O 0x3f8 (irq = 4, base_baud = 115200) is a 16550A
[   27.891901] Linux agpgart interface v0.103
[   27.928933] ACPI: Battery Slot [BAT0] (battery present)
[   27.945741] loop: module loaded
[   27.946274] scsi host0: ata_piix
[   27.946338] scsi host1: ata_piix
[   27.946363] ata1: PATA max UDMA/33 cmd 0x1f0 ctl 0x3f6 bmdma 0xd000 irq 14
[   27.946364] ata2: PATA max UDMA/33 cmd 0x170 ctl 0x376 bmdma 0xd008 irq 15
[   27.946430] libphy: Fixed MDIO Bus: probed
[   27.946432] tun: Universal TUN/TAP device driver, 1.6
[   27.946433] tun: (C) 1999-2004 Max Krasnyansky <maxk@qualcomm.com>
[   27.946749] PPP generic driver version 2.4.2
[   27.946801] ehci_hcd: USB 2.0 'Enhanced' Host Controller (EHCI) Driver
[   27.946805] ehci-pci: EHCI PCI platform driver
[   27.946819] ehci-platform: EHCI generic platform driver
[   27.946826] ohci_hcd: USB 1.1 'Open' Host Controller (OHCI) Driver
[   27.946829] ohci-pci: OHCI PCI platform driver
[   77.946836] ohci-platform: OHCI generic platform driver
[   27.946842] uhci_hcd: USB Universal Host Controller Interface driver
[   27.946890] i8042: PNP: PS/2 Controller [PNP0303:PS2K,PNP0f03:PS2M] at 0x60,0x64 irq 1,12
[   27.947306] serio: i8042 KBD port at 0x60,0x64 irq 1
[   27.947309] serio: i8042 AUX port at 0x60,0x64 irq 12
[   27.947396] mousedev: PS/2 mouse device common for all mice
[   27.947621] input: AT Translated Set 2 keyboard as /devices/platform/i8042/serio0/input/input2
[   27.947913] rtc_cmos rtc_cmos: rtc core: registered rtc_cmos as rtc0
[   27.947961] rtc_cmos rtc_cmos: alarms up to one day, 114 bytes nvram
[   27.947967] i2c /dev entries driver
[   27.948028] device-mapper: uevent: version 1.0.3
[   27.948088] device-mapper: ioctl: 4.34.0-ioctl (2015-10-28) initialised: dm-devel@redhat.com
[   27.948107] ledtrig-cpu: registered to indicate activity on CPUs
[   27.948357] NET: Registered protocol family 10
[   27.948525] NET: Registered protocol family 17
[   27.948535] Key type dns_resolver registered
[   27.948652] microcode: CPU0 sig=0x40661, pf=0x40, revision=0x0
[   27.959965] microcode: CPU1 sig=0x40661, pf=0x40, revision=0x0
[   27.960006] microcode: Microcode Update Driver: v2.01 <tigran@aivazian.fsnet.co.uk>, Peter Oruba
[   27.960155] registered taskstats version 1
[   27.960167] Loading compiled-in X.509 certificates
[   27.960801] Loaded X.509 cert 'Build time autogenerated kernel key: 60562572960efd370424d983abb028749c4780ed'
[   27.960824] zswap: loaded using pool lzo/zbud
[   27.962637] Key type trusted registered
[   27.965150] Key type encrypted registered
[   27.965154] AppArmor: AppArmor sha1 policy hashing enabled
[   27.965156] ima: No TPM chip found, activating TPM-bypass!
[   27.965171] evm: HMAC attrs: 0x1
[   27.965432]   Magic number: 9:192:968
[   27.973375] rtc_cmos rtc_cmos: setting system clock to 2017-07-19 03:58:00 UTC (1500436680)
[   27.973491] BIOS EDD facility v0.16 2004-Jun-25, 0 devices found
[   27.973492] EDD information not available.
[   35.492426] Freeing unused kernel memory: 1484K (ffffffff81f45000 - ffffffff820b8000)
[   35.655135] Write protecting the kernel read-only data: 14336k
[   35.808949] Freeing unused kernel memory: 1780K (ffff880001843000 - ffff880001a00000)
[   36.035432] Freeing unused kernel memory: 116K (ffff880001de3000 - ffff880001e00000)
Loading, please [   36.211196] random: systemd-udevd: uninitialized urandom read (16 bytes read, 4 bits of entropy available)
wait...
startin[   36.211796] random: udevadm: uninitialized urandom read (16 bytes read, 4 bits of entropy available)
g version 229
[   36.211826] random: udevadm: uninitialized urandom read (16 bytes read, 4 bits of entropy available)
[   36.211917] random: udevadm: uninitialized urandom read (16 bytes read, 4 bits of entropy available)
[   36.211949] random: udevadm: uninitialized urandom read (16 bytes read, 4 bits of entropy available)
[   36.211988] random: udevadm: uninitialized urandom read (16 bytes read, 4 bits of entropy available)
[   36.212025] random: udevadm: uninitialized urandom read (16 bytes read, 4 bits of entropy available)
[   36.212056] random: udevadm: uninitialized urandom read (16 bytes read, 4 bits of entropy available)
[   36.212087] random: udevadm: uninitialized urandom read (16 bytes read, 4 bits of entropy available)
[   36.212116] random: udevadm: uninitialized urandom read (16 bytes read, 4 bits of entropy available)
[   38.007184] Fusion MPT base driver 3.04.20
[   38.121238] Copyright (c) 1999-2008 LSI Corporation
[   38.287577] AVX version of gcm_enc/dec engaged.
[   38.290630] e1000: Intel(R) PRO/1000 Network Driver - version 7.3.21-k8-NAPI
[   38.290630] e1000: Copyright (c) 1999-2006 Intel Corporation.
[   38.756857] AES CTR mode by8 optimization enabled
[   38.757283] Fusion MPT SPI Host driver 3.04.20
[   38.811980] input: ImExPS/2 Generic Explorer Mouse as /devices/platform/i8042/serio1/input/input4
[   39.139200] e1000 0000:00:03.0 eth0: (PCI:33MHz:32-bit) 02:70:ae:be:ac:28
[   39.377939] e1000 0000:00:03.0 eth0: Intel(R) PRO/1000 Network Connection
[   39.447762] mptbase: ioc0: Initiating bringup
[   39.653094] ioc0: LSI53C1030 A0: Capabilities={Initiator}
[   39.988131] scsi host2: ioc0: LSI53C1030 A0, FwRev=00000000h, Ports=1, MaxQ=256, IRQ=20
[   40.405302] scsi 2:0:0:0: Direct-Access     VBOX     HARDDISK         1.0  PQ: 0 ANSI: 5
[   40.625636] scsi target2:0:0: Beginning Domain Validation
[   40.756673] e1000 0000:00:08.0 eth1: (PCI:33MHz:32-bit) 08:00:27:65:b6:18
[   40.756678] e1000 0000:00:08.0 eth1: Intel(R) PRO/1000 Network Connection
[   41.069508] e1000 0000:00:03.0 enp0s3: renamed from eth0
[   41.078546] scsi target2:0:0: Domain Validation skipping write tests
[   41.078547] scsi target2:0:0: Ending Domain Validation
[   41.078579] scsi target2:0:0: asynchronous
[   41.270330] scsi 2:0:1:0: Direct-Access     VBOX     HARDDISK         1.0  PQ: 0 ANSI: 5
[   41.270335] scsi target2:0:1: Beginning Domain Validation
[   41.272219] scsi target2:0:1: Domain Validation skipping write tests
[   41.272219] scsi target2:0:1: Ending Domain Validation
[   41.272265] scsi target2:0:1: asynchronous
[   41.631067] floppy0: no floppy controllers found
[   41.631149] work still pending
[   42.688142] sd 2:0:0:0: Attached scsi generic sg0 type 0
[   42.786386] e1000 0000:00:08.0 enp0s8: renamed from eth1
[   42.789066] sd 2:0:0:0: [sda] 20971520 512-byte logical blocks: (10.7 GB/10.0 GiB)
[   42.921296] sd 2:0:1:0: Attached scsi generic sg1 type 0
[   43.065602] sd 2:0:1:0: [sdb] 20480 512-byte logical blocks: (10.5 MB/10.0 MiB)
[   43.141756] sd 2:0:0:0: [sda] Write Protect is off
[   43.153584] sd 2:0:0:0: [sda] Incomplete mode parameter data
[   43.160896] sd 2:0:0:0: [sda] Assuming drive cache: write through
[   43.178912] sd 2:0:1:0: [sdb] Write Protect is off
[   43.190284] sd 2:0:1:0: [sdb] Incomplete mode parameter data
[   43.191138]  sda: sda1
[   43.288092] sd 2:0:1:0: [sdb] Assuming drive cache: write through
[   43.290607] sd 2:0:0:0: [sda] Attached SCSI disk
[   43.635446] sd 2:0:1:0: [sdb] Attached SCSI disk
Begin: Loading e[   45.109365] md: linear personality registered for level -1
ssential drivers[   45.228126] md: multipath personality registered for level -4
 ... [   45.321286] md: raid0 personality registered for level 0
[   45.343825] md: raid1 personality registered for level 1
[   45.448913] raid6: sse2x1   gen()  8809 MB/s
[   45.601088] raid6: sse2x1   xor()  7413 MB/s
[   45.757180] raid6: sse2x2   gen() 11909 MB/s
[   45.908712] raid6: sse2x2   xor()  8641 MB/s
[   46.053210] raid6: sse2x4   gen() 14795 MB/s
[   46.204658] raid6: sse2x4   xor() 10156 MB/s
[   46.305908] raid6: using algorithm sse2x4 gen() 14795 MB/s
[   46.432095] raid6: .... xor() 10156 MB/s, rmw enabled
[   46.465167] raid6: using ssse3x2 recovery algorithm
[   46.539837] xor: automatically using best checksumming function:
[   46.825293]    avx       : 20033.000 MB/sec
[   46.993532] async_tx: api initialized (async)
[   47.084441] md: raid6 personality registered for level 6
[   47.225239] md: raid5 personality registered for level 5
[   47.274303] md: raid4 personality registered for level 4
[   47.280074] md: raid10 personality registered for level 10
done.
Begin: Running /scripts/init-premount ... done.[   47.405441] Btrfs loaded

Begin: Mounting root file system ... Begin: Running /scripts/local-top ... done.
Begin: Running /scripts/local-premount ... Scanning for Btrfs filesystems
done.
Warning: fsck no[   47.498806] EXT4-fs (sda1): mounted filesystem with ordered data mode. Opts: (null)
t present, so skipping root file system
done.
Begin: Running /scripts/local-bottom ... done.
Begin: Running /scripts/init-bottom ... done.
[   47.616508] systemd[1]: systemd 229 running in system mode. (+PAM +AUDIT +SELINUX +IMA +APPARMOR +SMACK +SYSVINIT +UTMP +LIBCRYPTSETUP +GCRYPT +GNUTLS +ACL +XZ -LZ4 +SECCOMP +BLKID +ELFUTILS +KMOD -IDN)
[   48.051369] systemd[1]: Detected virtualization oracle.
[   48.186403] systemd[1]: Detected architecture x86-64.

Welcome to [1mUbuntu 16.04.2 LTS[0m!

[   48.349520] systemd[1]: Set hostname to <ubuntu>.
[   48.477289] systemd[1]: Initializing machine ID from random generator.
[   48.634027] systemd[1]: Installed transient /etc/machine-id file.
[   48.865466] systemd[1]: Listening on LVM2 poll daemon socket.
[[0;32m  OK  [0m] Listening on LVM2 poll daemon socket.
[   49.053192] systemd[1]: Started Forward Password Requests to Wall Directory Watch.
[[0;32m  OK  [0m] Started Forward Password Requests to Wall Directory Watch.
[   49.309533] systemd[1]: Started Trigger resolvconf update for networkd DNS.
[[0;32m  OK  [0m] Started Trigger resolvconf update for networkd DNS.
[   49.545300] systemd[1]: Listening on Journal Audit Socket.
[[0;32m  OK  [0m] Listening on Journal Audit Socket.
[   49.716938] systemd[1]: Listening on Device-mapper event daemon FIFOs.
[[0;32m  OK  [0m] Listening on Device-mapper event daemon FIFOs.
[   49.917220] systemd[1]: Listening on Syslog Socket.
[[0;32m  OK  [0m] Listening on Syslog Socket.
[   50.069935] systemd[1]: Created slice System Slice.
[[0;32m  OK  [0m] Created slice System Slice.
[   50.213242] systemd[1]: Listening on LVM2 metadata daemon socket.
[[0;32m  OK  [0m] Listening on LVM2 metadata daemon socket.
[   50.425616] systemd[1]: Listening on Journal Socket (/dev/log).
[[0;32m  OK  [0m] Listening on Journal Socket (/dev/log).
[   50.625184] systemd[1]: Reached target User and Group Name Lookups.
[[0;32m  OK  [0m] Reached target User and Group Name Lookups.
[   50.821185] systemd[1]: Created slice system-serial\x2dgetty.slice.
[[0;32m  OK  [0m] Created slice system-serial\x2dgetty.slice.
[   51.009614] systemd[1]: Reached target Swap.
[[0;32m  OK  [0m] Reached target Swap.
[   51.169677] systemd[1]: Listening on udev Control Socket.
[[0;32m  OK  [0m] Listening on udev Control Socket.
[   51.349377] systemd[1]: Listening on Journal Socket.
[[0;32m  OK  [0m] Listening on Journal Socket.
[   51.517039] systemd[1]: Starting Uncomplicated firewall...
         Starting Uncomplicated firewall...
[   51.708994] systemd[1]: Starting Set console keymap...
[   51.793812] random: nonblocking pool is initialized
         Starting Set console keymap...
[   51.900963] systemd[1]: Starting Journal Service...
         Starting Journal Service...
[   51.953474] systemd[1]: Starting Monitoring of LVM2 mirrors, snapshots etc. using dmeventd or progress polling...
         Starting Monitoring of LVM2 mirrors... dmeventd or progress polling...
[   52.229535] systemd[1]: Starting Nameserver information manager...
         Starting Nameserver information manager...
[   52.437122] systemd[1]: Mounting POSIX Message Queue File System...
         Mounting POSIX Message Queue File System...
[   52.641582] systemd[1]: Mounting Huge Pages File System...
         Mounting Huge Pages File System...
[   52.829808] systemd[1]: Starting Remount Root and Kernel File Systems...
         [   52.964406] EXT4-fs (sda1): re-mounted. Opts: (null)
Starting Remount Root and Kernel File Systems...
[   53.069093] systemd[1]: Starting Load Kernel Modules...
         Starting Load Ke[   53.197790] Loading iSCSI transport class v2.0-870.
rnel Modules...[   53.378784] iscsi: registered transport (tcp)

[   53.572390] iscsi: registered transport (iser)
[   53.573566] systemd[1]: Mounting Debug File System...
         Mounting Debug File System...
[   54.001407] systemd[1]: Starting Create list of required static device nodes for the current kernel...
         Starting Create list of required st... nodes for the current kernel...
[   54.253564] systemd[1]: Created slice User and Session Slice.
[[0;32m  OK  [0m] Created slice User and Session Slice.
[   54.441462] systemd[1]: Reached target Slices.
[[0;32m  OK  [0m] Reached target Slices.
[   54.589260] systemd[1]: Listening on udev Kernel Socket.
[[0;32m  OK  [0m] Listening on udev Kernel Socket.
[   54.777403] systemd[1]: Set up automount Arbitrary Executable File Formats File System Automount Point.
[[0;32m  OK  [0m] Set up automount Arbitrary Executab...ats File System Automount Point.
[   55.069837] systemd[1]: Reached target Encrypted Volumes.
[[0;32m  OK  [0m] Reached target Encrypted Volumes.
[   55.209144] systemd[1]: Listening on /dev/initctl Compatibility Named Pipe.
[[0;32m  OK  [0m] Listening on /dev/initctl Compatibility Named Pipe.
[   55.381802] systemd[1]: Mounted Huge Pages File System.
[[0;32m  OK  [0m] Mounted Huge Pages File System.
[   55.485206] systemd[1]: Mounted Debug File System.
[[0;32m  OK  [0m] Mounted Debug File System.
[   55.637193] systemd[1]: Mounted POSIX Message Queue File System.
[[0;32m  OK  [0m] Mounted POSIX Message Queue File System.
[   55.825679] systemd[1]: Started Journal Service.
[[0;32m  OK  [0m] Started Journal Service.
[[0;32m  OK  [0m] Started Uncomplicated firewall.
[[0;32m  OK  [0m] Started Set console keymap.
[[0;32m  OK  [0m] Started Remount Root and Kernel File Systems.
[[0;32m  OK  [0m] Started Load Kernel Modules.
[[0;32m  OK  [0m] Started Create list of required sta...ce nodes for the current kernel.
[[0;32m  OK  [0m] Started Nameserver information manager.
[[0;32m  OK  [0m] Started LVM2 metadata daemon.
         Starting Create Static Device Nodes in /dev...
         Mounting FUSE Control File System...
         Starting Apply Kernel Variables...
         Starting Initial cloud-init job (pre-networking)...
         Starting Load/Save Random Seed...
         Starting udev Coldplug all Devices...
         Starting Flush Journal to Persistent Storage...
[[0;32m  OK  [0m] Mounted FUSE Control File System.
[[0;32m  OK  [0m] Started Create Static Device Nodes in /dev.
[[0;32m  OK  [0m] Started Monitoring of LVM2 mirrors,...ng dmeventd or progress polling.
[[0;32m  OK  [0m] Started Apply Kernel Variables.
[[0;32m  OK  [0m] Started Load/Save Random Seed.
[[0;32m  OK  [0m] Started Flush Journal to Persistent Storage.
[[0;32m  OK  [0m] Started udev Coldplug all Devices.
[   34.910141] cloud-init[453]: Cloud-init v. 0.7.9 running 'init-local' at Wed, 19 Jul 2017 03:58:29 +0000. Up 34.73 seconds.
         Starting udev Kernel Device Manager...
[[0;32m  OK  [0m] Started udev Kernel Device Manager.
[[0;32m  OK  [0m] Started Initial cloud-init job (pre-networking).
[[0;32m  OK  [0m] Found device /dev/ttyS0.
[[0;32m  OK  [0m] Listening on Load/Save RF Kill Switch Status /dev/rfkill Watch.
[[0;32m  OK  [0m] Reached target Network (Pre).
[[0;32m  OK  [0m] Reached target Local File Systems (Pre).
[[0;32m  OK  [0m] Reached target Local File Systems.
         Starting Tell Plymouth To Write Out Runtime Data...
         Starting Commit a transient machine-id on disk...
         Starting Set console font and keymap...
         Starting LSB: AppArmor initialization...
         Starting Create Volatile Files and Directories...
[[0;32m  OK  [0m] Started Dispatch Password Requests to Console Directory Watch.
[[0;32m  OK  [0m] Started Tell Plymouth To Write Out Runtime Data.
[[0;32m  OK  [0m] Started Commit a transient machine-id on disk.
[[0;32m  OK  [0m] Started Create Volatile Files and Directories.
[[0;32m  OK  [0m] Found device 82540EM Gigabit Ethern...r (PRO/1000 MT Desktop Adapter).
[[0;32m  OK  [0m] Reached target System Time Synchronized.
         Starting Update UTMP about System Boot/Shutdown...
[[0;32m  OK  [0m] Started Update UTMP about System Boot/Shutdown.
[[0;1;31mFAILED[0m] Failed to start Set console font and keymap.
See 'systemctl status console-setup.service' for details.
[[0;32m  OK  [0m] Created slice system-getty.slice.
[[0;32m  OK  [0m] Started LSB: AppArmor initialization.
[[0;32m  OK  [0m] Started ifup for enp0s3.
         Starting Raise network interfaces...
[[0;32m  OK  [0m] Started Raise network interfaces.
[[0;32m  OK  [0m] Reached target Network.
         Starting Initial cloud-init job (metadata service crawler)...
[   38.946904] cloud-init[939]: Cloud-init v. 0.7.9 running 'init' at Wed, 19 Jul 2017 03:58:33 +0000. Up 38.49 seconds.
[   39.068646] [cloud-init[0;32m  OK  [0m[939]: ] ci-info: ++++++++++++++++++++++++++++++++++++++Net device info++++++++++++++++++++++++++++++++++++++Started Initial cloud-init job (metadata service crawler).

[   39.069213] cloud-init[939]: ci-info: +--------+-------+----------------------------+---------------+-------+-------------------+
[   39.344504] [cloud-init[0;32m  OK  [0m[939]: ] ci-info: | Device |   Up  |          Address           |      Mask     | Scope |     Hw-Address    |Reached target Cloud-config availability.

[[0;32m  OK  [0m] Reached target Network is Online.
[   39.345173] cloud-init[939]: ci-info: +--------+-------+----------------------------+---------------+-------+-------------------+
[   39.648590]          cloud-initStarting iSCSI initiator daemon (iscsid)...[939]: 
ci-info: | enp0s3 |  True |         10.0.2.15          | 255.255.255.0 |   .   | 02:70:ae:be:ac:28 |
[   39.784299] [cloud-init[0;32m  OK  [0m[939]: ] ci-info: | enp0s3 |  True | fe80::70:aeff:febe:ac28/64 |       .       |  link | 02:70:ae:be:ac:28 |Reached target System Initialization.

[[0;32m  OK  [0m] Listening on D-Bus System Message Bus Socket.
[   39.784757] cloud-init[939]: ci-info: |   lo   |  True |         127.0.0.1          |   255.0.0.0   |   .   |         .         |
[   40.020861] [cloud-init[0;32m  OK  [0m[939]: ] ci-info: |   lo   |  True |          ::1/128           |       .       |  host |         .         |Started ACPI Events Check.

[[0;32m  OK  [0m] Reached target Paths.
[   40.021454] cloud-init[939]: ci-info: | enp0s8 | False |             .              |       .       |   .   | 08:00:27:65:b6:18 |
         Starting Socket activation for snappy daemon.
[   40.150184]          cloud-initStarting LXD - unix socket.[939]: 
ci-info: +--------+-------+----------------------------+---------------+-------+-------------------+
[   40.441148] [cloud-init[0;32m  OK  [0m[939]: ] ci-info: +++++++++++++++++++++++++++Route IPv4 info++++++++++++++++++++++++++++Started Daily Cleanup of Temporary Directories.

[[0;32m  OK  [0m] Listening on UUID daemon activation socket.
[[0;32m  OK  [0m] Started Daily apt activities.
[   40.441961] cloud-init[939]: ci-info: +-------+-------------+----------+---------------+-----------+-------+
[   40.740546] [cloud-init[0;32m  OK  [0m[939]: ] ci-info: | Route | Destination | Gateway  |    Genmask    | Interface | Flags |Started Timer to automatically refresh installed snaps.

[[0;32m  OK  [0m] Reached target Timers.
[[0;32m  OK  [0m] Listening on ACPID Listen Socket.
[   40.741368] cloud-init[939]: ci-info: +-------+-------------+----------+---------------+-----------+-------+
[   40.905113] [cloud-init[0;32m  OK  [0m[939]: ] ci-info: |   0   |   0.0.0.0   | 10.0.2.2 |    0.0.0.0    |   enp0s3  |   UG  |Listening on Socket activation for snappy daemon.

[[0;32m  OK  [0m] Listening on LXD - unix socket.
[[0;32m  OK  [0m] Started iSCSI initiator daemon (iscsid).
[   40.905549] cloud-init[939]: ci-info: |   1   |   10.0.2.0  | 0.0.0.0  | 255.255.255.0 |   enp0s3  |   U   |
[   41.212667]          cloud-initStarting Login to default iSCSI targets...[939]: 
ci-info: +-------+-------------+----------+---------------+-----------+-------+
[   41.352711] [cloud-init[0;32m  OK  [0m[939]: ] Generating public/private rsa key pair.Reached target Sockets.

[[0;32m  OK  [0m] Reached target Basic System.
[   41.353323] cloud-init[939]: Your identification has been saved in /etc/ssh/ssh_host_rsa_key.
[   41.568876]          cloud-initStarting /etc/rc.local Compatibility...[939]: 
Your public key has been saved in /etc/ssh/ssh_host_rsa_key.pub.
[   41.681315] [cloud-init[0;32m  OK  [0m[939]: ] The key fingerprint is:Started FUSE filesystem for LXC.

[   41.682075] cloud-init[939]: SHA256:QOPHalESAZrjPp4Kl3XthbGiaNsE4kBzZeOq1Tg2VmQ root@ubuntu-xenial
[   41.860870]          cloud-initStarting LSB: Record successful boot for GRUB...[939]: 
The key's randomart image is:
[   41.964476]          cloud-initStarting Apply the settings specified in cloud-config...[939]: 
+---[RSA 2048]----+
[   41.964981] cloud-init[939]: |    .E*o.        |
[   42.116473]          cloud-initStarting Login Service...[939]: 
|   o*o.=         |
[   42.163262]          Starting LXD - container startup/shutdown...
cloud-init[939]: | o+. o+ +        |
         Starting Pollinate to seed the pseudo random number generator...
[   42.180762] cloud-init[939]: |..o.=  * +       |
[   42.250194] [[0;32m  OK  [0m] Started Deferred execution scheduler.
cloud-init[939]: |o oO..= S .      |
         Starting System Logging Service...
[   42.252960] cloud-init[939]: |oo==o+ o .       |
[   42.392624]          cloud-initStarting Accounts Service...[939]: 
|.oB o   .        |
[   42.460519]          cloud-initStarting LSB: MD monitoring daemon...[939]: 
|.+ *             |
[   42.532371] [cloud-init[0;32m  OK  [0m[939]: ] |..+ .            |Started ACPI event daemon.

[   42.532768] cloud-init[939]: +----[SHA256]-----+
[   42.636414] [cloud-init[0;32m  OK  [0m[939]: ] Generating public/private dsa key pair.Started Regular background program processing daemon.

[   42.636840] cloud-init[939]: Your identification has been saved in /etc/ssh/ssh_host_dsa_key.
[   42.824749] [cloud-init[0;32m  OK  [0m[939]: ] Your public key has been saved in /etc/ssh/ssh_host_dsa_key.pub.Started D-Bus System Message Bus.

[   42.825530] cloud-init[939]: The key fingerprint is:
[   42.956316] [cloud-init[0;32m  OK  [0m[939]: ] SHA256:YHuYF9kMK1m6QRil4Eu05Xd4eWJe61rT26J3hhxsb7E root@ubuntu-xenialStarted Snappy daemon.

[   42.956698] cloud-init[939]: The key's randomart image is:
[   42.989346]          Starting Auto import assertions from block devices...
cloud-init[939]: [[0;32m  OK  [0m] Started System Logging Service.
+---[DSA 1024]----+
[   43.036895] [cloud-init[0;32m  OK  [0m[939]: ] |  o o+o o        |Started /etc/rc.local Compatibility.

[   43.037302] cloud-init[939]: | o =.o = B       |
[   43.104511] [cloud-init[0;32m  OK  [0m[939]: ] |  + o X X =      |Started LXD - container startup/shutdown.

[   43.105141] cloud-init[939]: | . . o & = .     |
[   43.220435] [cloud-init[0;32m  OK  [0m[939]: ] |  .   = S ..     |Started Auto import assertions from block devices.

[   43.221130] cloud-init[939]: |       o . .+ .  |
[   43.300532] [cloud-init[0;32m  OK  [0m[939]: ] |          +o.+ o |Started Pollinate to seed the pseudo random number generator.

[   43.301088] cloud-init[939]: |         o .=oE  |
[   43.377762] cloud-init[939]: |        . .o.=.  |
[[0;32m  OK  [0m] Started Login to default iSCSI targets.
[   43.420301] cloud-init[939]: +----[SHA256]-----+
[[0;32m  OK  [0m] Started LSB: Record successful boot for GRUB.
[   43.476493] cloud-init[939]: Generating public/private ecdsa key pair.
[[0;32m  OK  [0m] Started LSB: MD monitoring daemon.
[   43.544414] cloud-init[939]: Your identification has been saved in /etc/ssh/ssh_host_ecdsa_key.
[[0;32m  OK  [0m] Started Login Service.
[   43.627385] cloud-init[939]: Your public key has been saved in /etc/ssh/ssh_host_ecdsa_key.pub.
[   43.683321]          cloud-initStarting Authenticate and Authorize Users to Run Privileged Tasks...[939]: 
The key fingerprint is:
[   43.748394] [cloud-init[0;32m  OK  [0m[939]: ] SHA256:6RUL+rVk64y6gJC8/fusWZg4gouzvPbQvjTbvOjiGew root@ubuntu-xenialReached target Remote File Systems (Pre).

[[0;32m  OK  [0m] Reached target Remote File Systems.
[   43.749004] cloud-init[939]: The key's randomart image is:
[   43.872675]          cloud-initStarting LSB: daemon to balance interrupts for SMP systems...[939]: 
+---[ECDSA 256]---+
[   43.952367]          cloud-initStarting Permit User Sessions...[939]: 
|                 |
[   43.958219] cloud-init[939]: |                 |
[   43.976797]          cloud-initStarting LSB: VirtualBox Linux Additions...[939]: 
|        . .      |
[   44.028435]          cloud-initStarting LSB: Set the CPU Frequency Scaling governor to "ondemand"...[939]: 
|..     . o o     |
[   44.096402]          cloud-initStarting LSB: automatic crash report generation...[939]: 
|o.    . S *      |
[   44.096780] [cloud-init[0;32m  OK  [0m[939]: ] |o.+.. oo = o     |Stopped OpenBSD Secure Shell server.

[   44.156550]          cloud-initStarting OpenBSD Secure Shell server...[939]: 
|.*.B.o .o o      |
[   44.204808] [cloud-init[0;32m  OK  [0m[939]: ] |=+B O.+  +       |Started OpenBSD Secure Shell server.

[[0;32m  OK  [0m] Started Permit User Sessions.
[[0;32m  OK  [0m] Started Authenticate and Authorize Users to Run Privileged Tasks.
[[0;32m  OK  [0m] Started Accounts Service.
[   44.205230] cloud-init[939]: |*E=B.OB=. o      |
[   44.408811] [cloud-init[0;32m  OK  [0m[939]: ] +----[SHA256]-----+Created slice User Slice of ubuntu.

[   44.409270] cloud-init[939]: Generating public/private ed25519 key pair.
[   44.576407]          cloud-initStarting User Manager for UID 1000...[939]: 
Your identification has been saved in /etc/ssh/ssh_host_ed25519_key.
[   44.688665] [cloud-init[0;32m  OK  [0m[939]: ] Your public key has been saved in /etc/ssh/ssh_host_ed25519_key.pub.Started Session 1 of user ubuntu.

[   44.689265] cloud-init[939]: The key fingerprint is:
[   44.860649]          cloud-initStarting Terminate Plymouth Boot Screen...[939]: 
SHA256:o/6fSjosuc765JXMYiRXifNwLWpjYL5oWA/CqfPzSs0 root@ubuntu-xenial
[   44.986689]          cloud-initStarting Hold until boot process finishes up...[939]: 
The key's randomart image is:
[   45.091426] [cloud-init[0;32m  OK  [0m[939]: ] +--[ED25519 256]--+Started User Manager for UID 1000.

[   45.092150] cloud-init[939]: |                 |
[[0;32m  OK  [0m] Started Apply the settings specified in cloud-config.
[   45.208612] [cloud-init[0;32m  OK  [0m[939]: ] |     . o         |Started LSB: daemon to balance interrupts for SMP systems.

[   45.308634] [cloud-init[0;32m  OK  [0m[939]: ] |  o + = .        |Started LSB: VirtualBox Linux Additions.

[   45.309192] [cloud-init[0;32m  OK  [0m[939]: ] |.o.. B .         |Started LSB: Set the CPU Frequency Scaling governor to "ondemand".

[[0;32m  OK  [0m] Started LSB: automatic crash report generation.
[   45.441572] cloud-init[939]: |.o= B . S        |
[[0;32m  OK  [0m] Started Terminate Plymouth Boot Screen.
[   45.545207] cloud-init[939]: |o+ % + o .       |
[[0;32m  OK  [0m] Started Hold until boot process finishes up.
[   45.649203] cloud-init[939]: |=.o Eo* .        |
[   45.752266] cloud-init[939]: |.+.=o+oo   .     |
[   45.752676] cloud-init[939]: |  +BBoooooo      |
[[0;32m  OK  [0m] Started Serial Getty on ttyS0.
[   45.752823] cloud-init[939]: +----[SHA256]-----+
[[0;32m  OK  [0m] Started Getty on tty1.
[[   45.920490] cloud-init[1053]: Generating locales (this might take a while)...
[   45.953530] cloud-init[1053]:   en_US.UTF-8... done
[   45.953654] cloud-init[1053]: Generation complete.
[   45.953702] cloud-init[1053]: Cloud-init v. 0.7.9 running 'modules:config' at Wed, 19 Jul 2017 03:58:36 +0000. Up 42.11 seconds.
[0;32m  OK  [0m] Reached target Login Prompts.
         Starting Set console scheme...
[[0;32m  OK  [0m] Reached target Multi-User System.
[[0;32m  OK  [0m] Reached target Graphical Interface.
         Starting Update UTMP about System Runlevel Changes...
         Starting Execute cloud user/final scripts...
[[0;32m  OK  [0m] Started Set console scheme.
[[0;32m  OK  [0m] Started Update UTMP about System Runlevel Changes.
ci-info: no authorized ssh keys fingerprints found for user ubuntu.
<14>Jul 19 03:58:41 ec2: 
<14>Jul 19 03:58:41 ec2: #############################################################
<14>Jul 19 03:58:41 ec2: -----BEGIN SSH HOST KEY FINGERPRINTS-----
<14>Jul 19 03:58:41 ec2: 1024 SHA256:YHuYF9kMK1m6QRil4Eu05Xd4eWJe61rT26J3hhxsb7E root@ubuntu-xenial (DSA)
<14>Jul 19 03:58:41 ec2: 256 SHA256:6RUL+rVk64y6gJC8/fusWZg4gouzvPbQvjTbvOjiGew root@ubuntu-xenial (ECDSA)
<14>Jul 19 03:58:41 ec2: 256 SHA256:o/6fSjosuc765JXMYiRXifNwLWpjYL5oWA/CqfPzSs0 root@ubuntu-xenial (ED25519)
<14>Jul 19 03:58:41 ec2: 2048 SHA256:QOPHalESAZrjPp4Kl3XthbGiaNsE4kBzZeOq1Tg2VmQ root@ubuntu-xenial (RSA)
<14>Jul 19 03:58:41 ec2: -----END SSH HOST KEY FINGERPRINTS-----
<14>Jul 19 03:58:41 ec2: #############################################################
-----BEGIN SSH HOST KEY KEYS-----
ecdsa-sha2-nistp256 AAAAE2VjZHNhLXNoYTItbmlzdHAyNTYAAAAIbmlzdHAyNTYAAABBBBUZnvWGlvFH1PPQEHRq+7orF42V3DVXBhfNWqtL69iK3S0PD1S+kc+Q6vn1SzCfRiTJwq9Kj0MKyb5G5g4dBAQ= root@ubuntu-xenial
ssh-ed25519 AAAAC3NzaC1lZDI1NTE5AAAAIMJkW7+lFpFdBVij+G74lRM21YrSdXnwwMzXrvcMtJf+ root@ubuntu-xenial
ssh-rsa AAAAB3NzaC1yc2EAAAADAQABAAABAQDfJBHd1gl5D8BuQ1L/Hj5IJ3yq1hsqkU23B0I1G74xoYVH8ZZC4J82poDXTFL+5/aGqftCcdsnj6WHTwp1/HjZPog3hJRFZtLePUNSSYKE7GKJxpx7aXrhdak2GkTt0T6i7ICWILHDR3KqLuSKejPv0ndAu4ArrtDbdYWEZ9BJVKthTja68FsKhxLPQ4oWkya2jBQcmrMnicFjBqvegZMVpaTY7gtif5hSt33NqVX1F86fnWzOJfWPUefxBrkXcSFhx6JHAqu0l97uAg+GzJ5CK2DB6zBoKeuuxcIMxze/vR9mKVYWED/3yubqEGgp+xV1pi8RzyLPSmgTY+/sOT/H root@ubuntu-xenial
-----END SSH HOST KEY KEYS-----
[   47.415568] cloud-init[1306]: Cloud-init v. 0.7.9 running 'modules:final' at Wed, 19 Jul 2017 03:58:41 +0000. Up 46.67 seconds.
[[0;32m  OK  [0m] Started Execute cloud user/final scripts.
[   47.512984] cloud-init[1306]: ci-info: no authorized ssh keys fingerprints found for user ubuntu.
[   47.600456] [cloud-init[0;32m  OK  [0m[1306]: ] Cloud-init v. 0.7.9 finished at Wed, 19 Jul 2017 03:58:41 +0000. Datasource DataSourceNoCloud [seed=/dev/sdb][dsmode=net].  Up 47.40 secondsReached target Cloud-init target.


Ubuntu 16.04.2 LTS autonew ttyS0

autonew login: 