[    0.000000] Initializing cgroup subsys cpuset
[    0.000000] Initializing cgroup subsys cpu
[    0.000000] Initializing cgroup subsys cpuacct
[    0.000000] Linux version 4.4.0-77-generic (buildd@lgw01-59) (gcc version 5.4.0 20160609 (Ubuntu 5.4.0-6ubuntu1~16.04.4) ) #98-Ubuntu SMP Wed Apr 26 08:34:02 UTC 2017 (Ubuntu 4.4.0-77.98-generic 4.4.59)
[    0.000000] Command line: BOOT_IMAGE=/boot/vmlinuz-4.4.0-77-generic root=LABEL=cloudimg-rootfs ro console=tty1 console=ttyS0
[    0.000000] KERNEL supported cpus:
[    0.000000]   Intel GenuineIntel
[    0.000000]   AMD AuthenticAMD
[    0.000000]   Centaur CentaurHauls
[    0.000000] x86/fpu: xstate_offset[2]:  576, xstate_sizes[2]:  256
[    0.000000] x86/fpu: Supporting XSAVE feature 0x01: 'x87 floating point registers'
[    0.000000] x86/fpu: Supporting XSAVE feature 0x02: 'SSE registers'
[    0.000000] x86/fpu: Supporting XSAVE feature 0x04: 'AVX registers'
[    0.000000] x86/fpu: Enabled xstate features 0x7, context size is 832 bytes, using 'standard' format.
[    0.000000] x86/fpu: Using 'lazy' FPU context switches.
[    0.000000] e820: BIOS-provided physical RAM map:
[    0.000000] BIOS-e820: [mem 0x0000000000000000-0x000000000009fbff] usable
[    0.000000] BIOS-e820: [mem 0x000000000009fc00-0x000000000009ffff] reserved
[    0.000000] BIOS-e820: [mem 0x00000000000f0000-0x00000000000fffff] reserved
[    0.000000] BIOS-e820: [mem 0x0000000000100000-0x000000007ffeffff] usable
[    0.000000] BIOS-e820: [mem 0x000000007fff0000-0x000000007fffffff] ACPI data
[    0.000000] BIOS-e820: [mem 0x00000000fec00000-0x00000000fec00fff] reserved
[    0.000000] BIOS-e820: [mem 0x00000000fee00000-0x00000000fee00fff] reserved
[    0.000000] BIOS-e820: [mem 0x00000000fffc0000-0x00000000ffffffff] reserved
[    0.000000] NX (Execute Disable) protection: active
[    0.000000] SMBIOS 2.5 present.
[    0.000000] Hypervisor detected: KVM
[    0.000000] e820: last_pfn = 0x7fff0 max_arch_pfn = 0x400000000
[    0.000000] MTRR: Disabled
[    0.000000] x86/PAT: MTRRs disabled, skipping PAT initialization too.
[    0.000000] x86/PAT: Configuration [0-7]: WB  WT  UC- UC  WB  WT  UC- UC  
[    0.000000] CPU MTRRs all blank - virtualized system.
[    0.000000] found SMP MP-table at [mem 0x0009fff0-0x0009ffff] mapped at [ffff88000009fff0]
[    0.000000] Scanning 1 areas for low memory corruption
[    0.000000] RAMDISK: [mem 0x36aea000-0x3756cfff]
[    0.000000] ACPI: Early table checksum verification disabled
[    0.000000] ACPI: RSDP 0x00000000000E0000 000024 (v02 VBOX  )
[    0.000000] ACPI: XSDT 0x000000007FFF0030 00003C (v01 VBOX   VBOXXSDT 00000001 ASL  00000061)
[    0.000000] ACPI: FACP 0x000000007FFF00F0 0000F4 (v04 VBOX   VBOXFACP 00000001 ASL  00000061)
[    0.000000] ACPI: DSDT 0x000000007FFF0470 00210F (v01 VBOX   VBOXBIOS 00000002 INTL 20100528)
[    0.000000] ACPI: FACS 0x000000007FFF0200 000040
[    0.000000] ACPI: FACS 0x000000007FFF0200 000040
[    0.000000] ACPI: APIC 0x000000007FFF0240 00005C (v02 VBOX   VBOXAPIC 00000001 ASL  00000061)
[    0.000000] ACPI: SSDT 0x000000007FFF02A0 0001CC (v01 VBOX   VBOXCPUT 00000002 INTL 20100528)
[    0.000000] No NUMA configuration found
[    0.000000] Faking a node at [mem 0x0000000000000000-0x000000007ffeffff]
[    0.000000] NODE_DATA(0) allocated [mem 0x7ffeb000-0x7ffeffff]
[    0.000000] kvm-clock: Using msrs 4b564d01 and 4b564d00
[    0.000000] kvm-clock: cpu 0, msr 0:7ffe3001, primary cpu clock
[    0.000000] kvm-clock: using sched offset of 2936907649 cycles
[    0.000000] clocksource: kvm-clock: mask: 0xffffffffffffffff max_cycles: 0x1cd42e4dffb, max_idle_ns: 881590591483 ns
[    0.000000] Zone ranges:
[    0.000000]   DMA      [mem 0x0000000000001000-0x0000000000ffffff]
[    0.000000]   DMA32    [mem 0x0000000001000000-0x000000007ffeffff]
[    0.000000]   Normal   empty
[    0.000000]   Device   empty
[    0.000000] Movable zone start for each node
[    0.000000] Early memory node ranges
[    0.000000]   node   0: [mem 0x0000000000001000-0x000000000009efff]
[    0.000000]   node   0: [mem 0x0000000000100000-0x000000007ffeffff]
[    0.000000] Initmem setup node 0 [mem 0x0000000000001000-0x000000007ffeffff]
[    0.000000] ACPI: PM-Timer IO Port: 0x4008
[    0.000000] IOAPIC[0]: apic_id 2, version 32, address 0xfec00000, GSI 0-23
[    0.000000] ACPI: INT_SRC_OVR (bus 0 bus_irq 0 global_irq 2 dfl dfl)
[    0.000000] ACPI: INT_SRC_OVR (bus 0 bus_irq 9 global_irq 9 high level)
[    0.000000] Using ACPI (MADT) for SMP configuration information
[    0.000000] smpboot: Allowing 2 CPUs, 0 hotplug CPUs
[    0.000000] PM: Registered nosave memory: [mem 0x00000000-0x00000fff]
[    0.000000] PM: Registered nosave memory: [mem 0x0009f000-0x0009ffff]
[    0.000000] PM: Registered nosave memory: [mem 0x000a0000-0x000effff]
[    0.000000] PM: Registered nosave memory: [mem 0x000f0000-0x000fffff]
[    0.000000] e820: [mem 0x80000000-0xfebfffff] available for PCI devices
[    0.000000] Booting paravirtualized kernel on KVM
[    0.000000] clocksource: refined-jiffies: mask: 0xffffffff max_cycles: 0xffffffff, max_idle_ns: 7645519600211568 ns
[    0.000000] setup_percpu: NR_CPUS:512 nr_cpumask_bits:512 nr_cpu_ids:2 nr_node_ids:1
[    0.000000] PERCPU: Embedded 33 pages/cpu @ffff88007fc00000 s98264 r8192 d28712 u1048576
[    0.000000] PV qspinlock hash table entries: 256 (order: 0, 4096 bytes)
[    0.000000] Built 1 zonelists in Node order, mobility grouping on.  Total pages: 515961
[    0.000000] Policy zone: DMA32
[    0.000000] Kernel command line: BOOT_IMAGE=/boot/vmlinuz-4.4.0-77-generic root=LABEL=cloudimg-rootfs ro console=tty1 console=ttyS0
[    0.000000] PID hash table entries: 4096 (order: 3, 32768 bytes)
[    0.000000] Memory: 2034008K/2096696K available (8449K kernel code, 1294K rwdata, 3980K rodata, 1484K init, 1316K bss, 62688K reserved, 0K cma-reserved)
[    0.000000] SLUB: HWalign=64, Order=0-3, MinObjects=0, CPUs=2, Nodes=1
[    0.000000] Hierarchical RCU implementation.
[    0.000000] 	Build-time adjustment of leaf fanout to 64.
[    0.000000] 	RCU restricting CPUs from NR_CPUS=512 to nr_cpu_ids=2.
[    0.000000] RCU: Adjusting geometry for rcu_fanout_leaf=64, nr_cpu_ids=2
[    0.000000] NR_IRQS:33024 nr_irqs:440 16
[    0.000000] Console: colour VGA+ 80x25
[    0.000000] console [tty1] enabled
[    0.000000] console [ttyS0] enabled
[    0.000000] tsc: Detected 2194.918 MHz processor
[   13.914608] Calibrating delay loop (skipped) preset value.. 4389.83 BogoMIPS (lpj=8779672)
[   14.123064] pid_max: default: 32768 minimum: 301
[   14.226809] ACPI: Core revision 20150930
[   14.328424] ACPI: 2 ACPI AML tables successfully acquired and loaded
[   14.499252] Security Framework initialized
[   14.595730] Yama: becoming mindful.
[   14.674797] AppArmor: AppArmor initialized
[   14.715770] Dentry cache hash table entries: 262144 (order: 9, 2097152 bytes)
[   14.796009] Inode-cache hash table entries: 131072 (order: 8, 1048576 bytes)
[   14.984021] Mount-cache hash table entries: 4096 (order: 3, 32768 bytes)
[   15.156486] Mountpoint-cache hash table entries: 4096 (order: 3, 32768 bytes)
[   15.343688] Initializing cgroup subsys io
[   15.430918] Initializing cgroup subsys memory
[   15.536006] Initializing cgroup subsys devices
[   15.553844] Initializing cgroup subsys freezer
[   15.665398] Initializing cgroup subsys net_cls
[   15.763794] Initializing cgroup subsys perf_event
[   15.823167] Initializing cgroup subsys net_prio
[   15.886093] Initializing cgroup subsys hugetlb
[   15.989803] Initializing cgroup subsys pids
[   16.082163] CPU: Physical Processor ID: 0
[   16.176638] CPU: Processor Core ID: 0
[   16.270804] mce: CPU supports 0 MCE banks
[   16.360509] Last level iTLB entries: 4KB 1024, 2MB 1024, 4MB 1024
[   16.485317] Last level dTLB entries: 4KB 1024, 2MB 1024, 4MB 1024, 1GB 4
[   16.652037] Freeing SMP alternatives memory: 32K (ffffffff820b8000 - ffffffff820c0000)
[   16.875650] ftrace: allocating 32117 entries in 126 pages
[   16.969381] smpboot: APIC(0) Converting physical 0 to logical package 0
[   17.162617] smpboot: Max logical packages: 1
[   17.258540] x2apic enabled
[   17.294588] Switched APIC routing to physical x2apic.
[   17.364560] ..TIMER: vector=0x30 apic1=0 pin1=2 apic2=-1 pin2=-1
[   17.617882] smpboot: CPU0: Intel(R) Core(TM) i7-4770HQ CPU @ 2.20GHz (family: 0x6, model: 0x46, stepping: 0x1)
[   17.774296] Performance Events: unsupported p6 CPU model 70 no PMU driver, software events only.
[   17.971543] KVM setup paravirtual spinlock
[   18.019898] x86: Booting SMP configuration:
[   18.020663] .... node  #0, CPUs:      #1
[   18.021487] kvm-clock: cpu 1, msr 0:7ffe3041, secondary cpu clock
[   18.023039] mce: CPU supports 0 MCE banks
[   18.025500] x86: Booted up 1 node, 2 CPUs
[   18.118519] smpboot: Total of 2 processors activated (8779.67 BogoMIPS)
[   18.297955] devtmpfs: initialized
[   18.387482] evm: security.selinux
[   18.480448] evm: security.SMACK64
[   18.578578] evm: security.SMACK64EXEC
[   18.671052] evm: security.SMACK64TRANSMUTE
[   18.783169] evm: security.SMACK64MMAP
[   18.887548] evm: security.ima
[   18.971249] evm: security.capability
[   19.060272] clocksource: jiffies: mask: 0xffffffff max_cycles: 0xffffffff, max_idle_ns: 7645041785100000 ns
[   19.118300] futex hash table entries: 512 (order: 3, 32768 bytes)
[   19.293290] pinctrl core: initialized pinctrl subsystem
[   19.421012] RTC time:  2:20:38, date: 07/03/17
[   19.548766] NET: Registered protocol family 16
[   19.658597] cpuidle: using governor ladder
[   19.777982] cpuidle: using governor menu
[   19.892551] PCCT header not found.
[   19.981514] ACPI: bus type PCI registered
[   20.083848] acpiphp: ACPI Hot Plug PCI Controller Driver version: 0.5
[   20.155721] PCI: Using configuration type 1 for base access
[   20.218713] ACPI: Added _OSI(Module Device)
[   20.323519] ACPI: Added _OSI(Processor Device)
[   20.452699] ACPI: Added _OSI(3.0 _SCP Extensions)
[   20.569930] ACPI: Added _OSI(Processor Aggregator Device)
[   20.718917] ACPI: Executed 1 blocks of module-level executable AML code
[   20.879103] ACPI: Interpreter enabled
[   20.989136] ACPI: (supports S0 S5)
[   21.083182] ACPI: Using IOAPIC for interrupt routing
[   21.220982] PCI: Using host bridge windows from ACPI; if necessary, use "pci=nocrs" and report a bug
[   21.319530] ACPI: PCI Root Bridge [PCI0] (domain 0000 [bus 00-ff])
[   21.488337] acpi PNP0A03:00: _OSC: OS supports [ASPM ClockPM Segments MSI]
[   21.690761] acpi PNP0A03:00: _OSC failed (AE_NOT_FOUND); disabling ASPM
[   21.870545] acpi PNP0A03:00: fail to add MMCONFIG information, can't access extended PCI configuration space under this bridge.
[   22.187130] PCI host bridge to bus 0000:00
[   22.296369] pci_bus 0000:00: root bus resource [io  0x0000-0x0cf7 window]
[   22.372759] pci_bus 0000:00: root bus resource [io  0x0d00-0xffff window]
[   22.509718] pci_bus 0000:00: root bus resource [mem 0x000a0000-0x000bffff window]
[   22.682685] pci_bus 0000:00: root bus resource [mem 0x80000000-0xffdfffff window]
[   22.848027] pci_bus 0000:00: root bus resource [bus 00-ff]
[   22.961777] pci 0000:00:01.1: legacy IDE quirk: reg 0x10: [io  0x01f0-0x01f7]
[   23.118166] pci 0000:00:01.1: legacy IDE quirk: reg 0x14: [io  0x03f6]
[   23.214195] pci 0000:00:01.1: legacy IDE quirk: reg 0x18: [io  0x0170-0x0177]
[   23.370678] pci 0000:00:01.1: legacy IDE quirk: reg 0x1c: [io  0x0376]
[   23.485682] pci 0000:00:07.0: quirk: [io  0x4000-0x403f] claimed by PIIX4 ACPI
[   23.676761] pci 0000:00:07.0: quirk: [io  0x4100-0x410f] claimed by PIIX4 SMB
[   23.872002] ACPI: PCI Interrupt Link [LNKA] (IRQs 5 9 10 *11)
[   23.999347] ACPI: PCI Interrupt Link [LNKB] (IRQs 5 9 10 *11)
[   24.124009] ACPI: PCI Interrupt Link [LNKC] (IRQs 5 9 *10 11)
[   24.271718] ACPI: PCI Interrupt Link [LNKD] (IRQs 5 *9 10 11)
[   24.399756] ACPI: Enabled 2 GPEs in block 00 to 07
[   24.508076] vgaarb: setting as boot device: PCI:0000:00:02.0
[   24.553306] vgaarb: device added: PCI:0000:00:02.0,decodes=io+mem,owns=io+mem,locks=none
[   24.728408] vgaarb: loaded
[   24.789782] vgaarb: bridge control possible 0000:00:02.0
[   24.947987] SCSI subsystem initialized
[   25.029713] ACPI: bus type USB registered
[   25.136737] usbcore: registered new interface driver usbfs
[   25.247206] usbcore: registered new interface driver hub
[   25.408051] usbcore: registered new device driver usb
[   25.536626] PCI: Using ACPI for IRQ routing
[   25.623625] NetLabel: Initializing
[   25.646701] NetLabel:  domain hash size = 128
[   25.664106] NetLabel:  protocols = UNLABELED CIPSOv4
[   25.793399] NetLabel:  unlabeled traffic allowed by default
[   25.942125] amd_nb: Cannot enumerate AMD northbridges
[   26.080481] clocksource: Switched to clocksource kvm-clock
[   26.221582] AppArmor: AppArmor Filesystem Enabled
[   26.366352] pnp: PnP ACPI init
[   26.459361] pnp: PnP ACPI: found 3 devices
[   26.570595] clocksource: acpi_pm: mask: 0xffffff max_cycles: 0xffffff, max_idle_ns: 2085701024 ns
[   26.807065] NET: Registered protocol family 2
[   26.926617] TCP established hash table entries: 16384 (order: 5, 131072 bytes)
[   27.140412] TCP bind hash table entries: 16384 (order: 6, 262144 bytes)
[   27.329494] TCP: Hash tables configured (established 16384 bind 16384)
[   27.509651] UDP hash table entries: 1024 (order: 3, 32768 bytes)
[   27.675970] UDP-Lite hash table entries: 1024 (order: 3, 32768 bytes)
[   27.835848] NET: Registered protocol family 1
[   27.876330] pci 0000:00:00.0: Limiting direct PCI/PCI transfers
[   27.979605] pci 0000:00:01.0: Activating ISA DMA hang workarounds
[   28.155303] Unpacking initramfs...
[   29.801617] Freeing initrd memory: 10764K (ffff880036aea000 - ffff88003756d000)
[   29.995804] platform rtc_cmos: registered platform RTC device (no PNP device found)
[   30.175158] Scanning for low memory corruption every 60 seconds
[   30.356004] audit: initializing netlink subsys (disabled)
[   30.489066] audit: type=2000 audit(1499048428.474:1): initialized
[   30.668377] Initialise system trusted keyring
[   30.688145] HugeTLB registered 2 MB page size, pre-allocated 0 pages
[   30.776243] zbud: loaded
[   30.817787] VFS: Disk quotas dquot_6.6.0
[   30.913889] VFS: Dquot-cache hash table entries: 512 (order 0, 4096 bytes)
[   31.060516] tsc: Refined TSC clocksource calibration: 2194.153 MHz
[   31.180755] clocksource: tsc: mask: 0xffffffffffffffff max_cycles: 0x1fa09f6020d, max_idle_ns: 440795224300 ns
ÿ[   31.181053] squashfs: version 4.0 (2009/01/31) Phillip Lougher
[   31.181265] fuse init (API version 7.23)
[   31.181361] Key type big_key registered
[   31.181375] Allocating IMA MOK and blacklist keyrings.
[   31.181545] Key type asymmetric registered
[   31.181550] Asymmetric key parser 'x509' registered
[   31.181588] Block layer SCSI generic (bsg) driver version 0.4 loaded (major 249)
[   31.181612] io scheduler noop registered
[   31.181613] io scheduler deadline registered (default)
[   31.181635] io scheduler cfq registered
[   31.181724] pci_hotplug: PCI Hot Plug PCI Core version: 0.5
[   31.181729] pciehp: PCI Express Hot Plug Controller Driver version: 0.4
[   31.182088] ACPI: AC Adapter [AC] (on-line)
[   31.182133] input: Power Button as /devices/LNXSYSTM:00/LNXPWRBN:00/input/input0
[   31.182135] ACPI: Power Button [PWRF]
[   31.182195] input: Sleep Button as /devices/LNXSYSTM:00/LNXSLPBN:00/input/input1
[   31.182196] ACPI: Sleep Button [SLPF]
[   31.182309] GHES: HEST is not enabled!
[   31.183225] ACPI: Battery Slot [BAT0] (battery present)
[   31.183263] Serial: 8250/16550 driver, 32 ports, IRQ sharing enabled
[   31.491531] 00:02: ttyS0 at I/O 0x3f8 (irq = 4, base_baud = 115200) is a 16550A
[   31.643282] Linux agpgart interface v0.103
[   31.801634] loop: module loaded
[   31.802085] scsi host0: ata_piix
[   31.802128] scsi host1: ata_piix
[   31.802152] ata1: PATA max UDMA/33 cmd 0x1f0 ctl 0x3f6 bmdma 0xd000 irq 14
[   31.802153] ata2: PATA max UDMA/33 cmd 0x170 ctl 0x376 bmdma 0xd008 irq 15
[   31.802212] libphy: Fixed MDIO Bus: probed
[   31.802214] tun: Universal TUN/TAP device driver, 1.6
[   31.802214] tun: (C) 1999-2004 Max Krasnyansky <maxk@qualcomm.com>
[   31.802480] PPP generic driver version 2.4.2
[   31.802533] ehci_hcd: USB 2.0 'Enhanced' Host Controller (EHCI) Driver
[   31.802537] ehci-pci: EHCI PCI platform driver
[   31.802548] ehci-platform: EHCI generic platform driver
[   31.802555] ohci_hcd: USB 1.1 'Open' Host Controller (OHCI) Driver
[   31.802557] ohci-pci: OHCI PCI platform driver
[   31.802564] ohci-platform: OHCI generic platform driver
[   31.802570] uhci_hcd: USB Universal Host Controller Interface driver
[   31.802613] i8042: PNP: PS/2 Controller [PNP0303:PS2K,PNP0f03:PS2M] at 0x60,0x64 irq 1,12
[   31.886650] serio: i8042 KBD port at 0x60,0x64 irq 1
[   31.886656] serio: i8042 AUX port at 0x60,0x64 irq 12
[   31.886773] mousedev: PS/2 mouse device common for all mice
[   31.887032] rtc_cmos rtc_cmos: rtc core: registered rtc_cmos as rtc0
[   31.887079] rtc_cmos rtc_cmos: alarms up to one day, 114 bytes nvram
[   31.887085] i2c /dev entries driver
[   31.887134] device-mapper: uevent: version 1.0.3
[   31.887177] device-mapper: ioctl: 4.34.0-ioctl (2015-10-28) initialised: dm-devel@redhat.com
[   31.887198] ledtrig-cpu: registered to indicate activity on CPUs
[   31.887441] NET: Registered protocol family 10
[   31.887567] NET: Registered protocol family 17
[   31.887577] Key type dns_resolver registered
[   32.107995] microcode: CPU0 sig=0x40661, pf=0x40, revision=0x0
[   32.108108] microcode: CPU1 sig=0x40661, pf=0x40, revision=0x0
[   32.108186] microcode: Microcode Update Driver: v2.01 <tigran@aivazian.fsnet.co.uk>, Peter Oruba
[   32.108299] registered taskstats version 1
[   32.108311] Loading compiled-in X.509 certificates
[   32.108862] Loaded X.509 cert 'Build time autogenerated kernel key: 60562572960efd370424d983abb028749c4780ed'
[   32.108880] zswap: loaded using pool lzo/zbud
[   32.110148] Key type trusted registered
[   32.111896] Key type encrypted registered
[   32.111900] AppArmor: AppArmor sha1 policy hashing enabled
[   32.111902] ima: No TPM chip found, activating TPM-bypass!
[   32.111917] evm: HMAC attrs: 0x1
[   32.112213]   Magic number: 9:709:307
[   32.112233] tty tty36: hash matches
[   32.185934] rtc_cmos rtc_cmos: setting system clock to 2017-07-03 02:20:51 UTC (1499048451)
[   32.186085] BIOS EDD facility v0.16 2004-Jun-25, 0 devices found
[   32.186086] EDD information not available.
[   32.734321] input: AT Translated Set 2 keyboard as /devices/platform/i8042/serio0/input/input2
[   37.911133] Freeing unused kernel memory: 1484K (ffffffff81f45000 - ffffffff820b8000)
[   38.079434] Write protecting the kernel read-only data: 14336k
[   38.090853] Freeing unused kernel memory: 1780K (ffff880001843000 - ffff880001a00000)
[   38.299662] Freeing unused kernel memory: 116K (ffff880001de3000 - ffff880001e00000)
Loading, please [   38.476314] random: systemd-udevd: uninitialized urandom read (16 bytes read, 4 bits of entropy available)
wait...
startin[   38.476889] random: udevadm: uninitialized urandom read (16 bytes read, 4 bits of entropy available)
g version 229
[   38.476919] random: udevadm: uninitialized urandom read (16 bytes read, 4 bits of entropy available)
[   38.477023] random: udevadm: uninitialized urandom read (16 bytes read, 4 bits of entropy available)
[   38.477058] random: udevadm: uninitialized urandom read (16 bytes read, 4 bits of entropy available)
[   38.477089] random: udevadm: uninitialized urandom read (16 bytes read, 4 bits of entropy available)
[   38.477119] random: udevadm: uninitialized urandom read (16 bytes read, 4 bits of entropy available)
[   38.477159] random: udevadm: uninitialized urandom read (16 bytes read, 4 bits of entropy available)
[   38.477193] random: udevadm: uninitialized urandom read (16 bytes read, 4 bits of entropy available)
[   38.477223] random: udevadm: uninitialized urandom read (16 bytes read, 4 bits of entropy available)
[   40.165524] e1000: Intel(R) PRO/1000 Network Driver - version 7.3.21-k8-NAPI
[   40.375544] e1000: Copyright (c) 1999-2006 Intel Corporation.
[   40.551473] Fusion MPT base driver 3.04.20
[   40.704993] Copyright (c) 1999-2008 LSI Corporation
[   40.879338] Fusion MPT SPI Host driver 3.04.20
[   40.966678] mptbase: ioc0: Initiating bringup
[   41.012922] AVX version of gcm_enc/dec engaged.
[   41.041457] AES CTR mode by8 optimization enabled
[   41.101203] ioc0: LSI53C1030 A0: Capabilities={Initiator}
[   41.264791] input: ImExPS/2 Generic Explorer Mouse as /devices/platform/i8042/serio1/input/input4
[   41.668934] scsi host2: ioc0: LSI53C1030 A0, FwRev=00000000h, Ports=1, MaxQ=256, IRQ=20
[   41.789403] scsi 2:0:0:0: Direct-Access     VBOX     HARDDISK         1.0  PQ: 0 ANSI: 5
[   41.789408] scsi target2:0:0: Beginning Domain Validation
[   41.791369] scsi target2:0:0: Domain Validation skipping write tests
[   41.791370] scsi target2:0:0: Ending Domain Validation
[   41.791405] scsi target2:0:0: asynchronous
[   41.791632] scsi 2:0:1:0: Direct-Access     VBOX     HARDDISK         1.0  PQ: 0 ANSI: 5
[   41.791635] scsi target2:0:1: Beginning Domain Validation
[   41.792212] scsi target2:0:1: Domain Validation skipping write tests
[   41.792212] scsi target2:0:1: Ending Domain Validation
[   41.792243] scsi target2:0:1: asynchronous
[   42.270684] e1000 0000:00:03.0 eth0: (PCI:33MHz:32-bit) 02:70:ae:be:ac:28
[   42.270688] e1000 0000:00:03.0 eth0: Intel(R) PRO/1000 Network Connection
[   42.628485] e1000 0000:00:08.0 eth1: (PCI:33MHz:32-bit) 08:00:27:ce:c2:e9
[   42.628487] e1000 0000:00:08.0 eth1: Intel(R) PRO/1000 Network Connection
[   42.805570] e1000 0000:00:08.0 enp0s8: renamed from eth1
[   43.066362] sd 2:0:0:0: Attached scsi generic sg0 type 0
[   43.136529] e1000 0000:00:03.0 enp0s3: renamed from eth0
[   43.136752] sd 2:0:0:0: [sda] 31457280 512-byte logical blocks: (16.1 GB/15.0 GiB)
[   43.136994] sd 2:0:1:0: Attached scsi generic sg1 type 0
[   43.397309] sd 2:0:1:0: [sdb] 20480 512-byte logical blocks: (10.5 MB/10.0 MiB)
[   43.759169] sd 2:0:0:0: [sda] Write Protect is off
[   43.769155] sd 2:0:1:0: [sdb] Write Protect is off
[   43.769325] sd 2:0:1:0: [sdb] Incomplete mode parameter data
[   43.769326] sd 2:0:1:0: [sdb] Assuming drive cache: write through
[   43.949630] floppy0: no floppy controllers found
[   43.949673] work still pending
[   43.951432] sd 2:0:1:0: [sdb] Attached SCSI disk
[   44.339503] sd 2:0:0:0: [sda] Incomplete mode parameter data
[   44.340674] sd 2:0:0:0: [sda] Assuming drive cache: write through
[   44.478279]  sda: sda1
[   44.531769] sd 2:0:0:0: [sda] Attached SCSI disk
Begin: Loading e[   45.949175] md: linear personality registered for level -1
ssential drivers[   46.156368] md: multipath personality registered for level -4
 ... [   46.330326] md: raid0 personality registered for level 0
[   46.471597] md: raid1 personality registered for level 1
[   46.564899] raid6: sse2x1   gen()  8841 MB/s
[   46.756752] raid6: sse2x1   xor()  7910 MB/s
[   46.976532] raid6: sse2x2   gen() 11656 MB/s
[   47.140501] raid6: sse2x2   xor()  8074 MB/s
[   47.388469] raid6: sse2x4   gen() 15798 MB/s
[   47.636533] raid6: sse2x4   xor()  5981 MB/s
[   47.745746] raid6: using algorithm sse2x4 gen() 15798 MB/s
[   47.979072] raid6: .... xor() 5981 MB/s, rmw enabled
[   48.199516] raid6: using ssse3x2 recovery algorithm
[   48.412433] xor: automatically using best checksumming function:
[   48.604992]    avx       : 23674.000 MB/sec
[   48.702553] async_tx: api initialized (async)
[   48.724870] md: raid6 personality registered for level 6
[   48.838786] md: raid5 personality registered for level 5
[   48.951414] md: raid4 personality registered for level 4
[   49.099452] md: raid10 personality registered for level 10
done.
Begin: Running /scripts/init-p[   49.401247] Btrfs loaded
remount ... done.
Begin: Mounting root file system ... Begin: Running /scripts/local-top ... done.
Begin: Running /scripts/local-premount ... Scanning for Btrfs filesystems
done.
Warning: fsck no[   49.494193] EXT4-fs (sda1): mounted filesystem with ordered data mode. Opts: (null)
t present, so skipping root file system
done.
Begin: Running /scripts/local-bottom ... done.
Begin: Running /scripts/init-bottom ... done.
[   49.714807] systemd[1]: systemd 229 running in system mode. (+PAM +AUDIT +SELINUX +IMA +APPARMOR +SMACK +SYSVINIT +UTMP +LIBCRYPTSETUP +GCRYPT +GNUTLS +ACL +XZ -LZ4 +SECCOMP +BLKID +ELFUTILS +KMOD -IDN)
[   49.844698] systemd[1]: Detected virtualization oracle.
[   49.948992] systemd[1]: Detected architecture x86-64.

Welcome to [1mUbuntu 16.04.2 LTS[0m!

[   50.137824] systemd[1]: Set hostname to <ubuntu>.
[   50.140846] systemd[1]: Initializing machine ID from random generator.
[   50.143584] systemd[1]: Installed transient /etc/machine-id file.
[   50.454851] systemd[1]: Listening on udev Control Socket.
[[0;32m  OK  [0m] Listening on udev Control Socket.
[   50.748836] systemd[1]: Listening on Syslog Socket.
[[0;32m  OK  [0m] Listening on Syslog Socket.
[   50.896727] systemd[1]: Started Trigger resolvconf update for networkd DNS.
[[0;32m  OK  [0m] Started Trigger resolvconf update for networkd DNS.
[   50.924123] systemd[1]: Listening on udev Kernel Socket.
[[0;32m  OK  [0m] Listening on udev Kernel Socket.
[   50.926100] systemd[1]: Listening on Journal Socket (/dev/log).
[[0;32m  OK  [0m] Listening on Journal Socket (/dev/log).
[   50.949479] system[[1]: Started Forward Password Requests to Wall Directory Watch.
[[0;32m  OK  [0m] Started Forward Password Requests to Wall Directory Watch.
[   51.388983] systemd[1]: Listening on /dev/initctl Compatibility Named Pipe.
[[0;32m  OK  [0m] Listening on /dev/initctl Compatibility Named Pipe.
[   51.625267] systemd[1]: eeached target Swap.
[[0;32m  OK  [0m] Reached target Swap.
[   51.836905] systemd[1]: Listening on Journal Audit Socket.
[[0;32m  OK  [0m] Listening on Journal Audit Socket.
[   51.987968] systemd[1]: Listening on LVM2 metadata daemon socket.
[[0;32m  OK  [0m] Listening on LVM2 metadata daemon socket.
[   52.029390] systemd[1]: Listening on Device-mapper event daemon FIFOs.
[[0;32m  OK  [0m] Listening on Device-mapper event daemon FIFOs.
[   52.472899] systemd[1]: Reached target User and Group Name Lookups.
[[0;32m  OK  [0m] Reached target User and Group Name Lookups.
[   52.766934] systemd[]]: Reached tagget Encrypted Volumes.
[[0;32m  OK  [0m] Reached target Encrypted Volumes.
[   53.088765] systemd[1]: Set up automount Arbitrary Executable File Formats File System Automount Point.
[[0;32m  OK  [0m] Set up automount Arbitrary Executab...ats File System Automount Point.
[   53.221397] systemd[1]: Listening on LVM2 poll daemon socket.
[[0;32m  OK  [0m] Listening on LVM2 poll daemon socket.
[   53.485145] systemd[1]: Created slice System Slice.
[[0;32m  OK  [0m] Created slice System Slice.
[   53.748398] systemd[1]: Listening on Journal Socket.
[[0;32m  OK  [0m] Listening on Journal Socket.
[   54.045220] systemd[1]: Starting Journal Service...
         Starting Journal Service...
[   54.145434] systemd[1]: Mounting Debug File System...
         Mounting Debug File System...
[   54.204924] systemd[1]: Mounting Huge Pages File System...
         Mounting Huge Pages File System...
[   54.329163] systemd[1]: Starting Monitoring of LVM2 mirrors, snapshots etc. using dmeventd or progress polling...
         Starting Monitoring of LVM2 mirrors... dmeventd or progress polling...
[   54.557035] random: nonblocking pool is initialized
[   54.693220] systemd[1]: Starting Remount Root and Kernel File Systems...
[   54.696835] EXT4-fs (sda1): re-mounted. Opts: (null)
         Starting Remount Root and Kernel File Systems...
[   55.092721] systemd[1]: Starting Load Kernel Modules...
         Startin[   55.209154] Loading iSCSI transport class v2.0-870.
g Load Kernel Modules...
[   55.298297] iscsi: registered transport (tcp)
[   55.370817] systemd[1]: Starting Nameserver information manager...
         Starting Nameserver inf[   55.524604] iscsi: registered transport (iser)
ormation manager...
[   55.664749] systemd[1]: Starting Set console keymap...
         Starting Set console keymap...
[   55.837025] systemd[1]: Mounting POSIX Message Queue File System...
         Mounting POSIX Message Queue File System...
[   56.213040] systemd[1]: Starting Uncomplicated firewall...
         Starting Uncomplicated firewall...
[   56.401404] systemd[1]: Starting Create list of required static device nodes for the current kernel...
         Starting Create list of required st... nodes for the current kernel...
[   56.622749] systemd[1]: Created slice system-serial\x2dgetty.slice.
[[0;32m  OK  [0m] Created slice system-serial\x2dgetty.slice.
[   56.907046] systemd[1]: Created slice User and Session Slice.
[[0;32m  OK  [0m] Created slice User and Session Slice.
[   57.069266] systemd[1]: Reached target Slices.
[[0;32m  OK  [0m] Reached target Slices.
[   57.233830] systemd[1]: Mounted Huge Pages File System.
[[0;32m  OK  [0m] Mounted Huge Pages File System.
[   57.404710] systemd[1]: Mounted Debug File System.
[[0;32m  OK  [0m] Mounted Debug File System.
[   57.437071] systemd[1]: Mounted POSIX Message Queue File System.
[[0;32m  OK  [0m] Mounted POSIX Message Queue File System.
[   57.500849] systemd[1]: Started Journal Service.
[[0;32m  OK  [0m] Started Journal Service.
[[0;32m  OK  [0m] Started Remount Root and Kernel File Systems.
[[0;32m  OK  [0m] Started Load Kernel Modules.
[[0;32m  OK  [0m] Started Set console keymap.
[[0;32m  OK  [0m] Started Uncomplicated firewall.
[[0;32m  OK  [0m] Started Create list of required sta...ce nodes for the current kernel.
[[0;32m  OK  [0m] Started Nameserver information manager.
[[0;32m  OK  [0m] Started LVM2 metadata daemon.
         Starting Create Static Device Nodes in /dev...
         Mounting FUSE Control File System...
         Starting Apply Kernel Variables...
         Starting Initial cloud-init job (pre-networking)...
         Starting udev Coldplug all Devices...
         Starting Load/Save Random Seed...
         Starting Flush Journal to Persistent Storage...
[[0;32m  OK  [0m] Mounted FUSE Control File System.
[[0;32m  OK  [0m] Started Create Static Device Nodes in /dev.
[[0;32m  OK  [0m] Started Apply Kernel Variables.
[[0;32m  OK  [0m] Started Load/Save Random Seed.
[[0;32m  OK  [0m] Started Monitoring of LVM2 mirrors,...ng dmeventd or progress polling.
[[0;32m  OK  [0m] Started udev Coldplug all Devices.
[[0;32m  OK  [0m] Started Flush Journal to Persistent Storage.
         Starting udev Kernel Device Manager...
[[0;32m  OK  [0m] Started udev Kernel Device Manager.
[[0;32m  OK  [0m] Reached target Local File Systems (Pre).
[[0;32m  OK  [0m] Reached target Local File Systems.
         Starting Set console font and keymap...
         Starting LSB: AppArmor initialization...
         Starting Create Volatile Files and Directories...
         Starting Commit a transient machine-id on disk...
         Starting Tell Plymouth To Write Out Runtime Data...
[[0;32m  OK  [0m] Started Dispatch Password Requests to Console Directory Watch.
[[0;32m  OK  [0m] Started Create Volatile Files and Directories.
[   33.263637] cloud-init[458]: Cloud-init v. 0.7.9 running 'init-local' at Mon, 03 Jul 2017 02:21:17 +0000. Up 32.95 seconds.
[[0;32m  OK  [0m] Started Commit a transient machine-id on disk.
[[0;1;31mFAILED[0m] Failed to start Set console font and keymap.
See 'systemctl status console-setup.service' for details.
[[0;32m  OK  [0m] Started Tell Plymouth To Write Out Runtime Data.
[[0;32m  OK  [0m] Started Initial cloud-init job (pre-networking).
[[0;32m  OK  [0m] Found device /dev/ttyS0.
[[0;32m  OK  [0m] Listening on Load/Save RF Kill Switch Status /dev/rfkill Watch.
[[0;32m  OK  [0m] Reached target Network (Pre).
[[0;32m  OK  [0m] Created slice system-getty.slice.
         Starting Update UTMP about System Boot/Shutdown...
[[0;32m  OK  [0m] Reached target System Time Synchronized.
[[0;32m  OK  [0m] Started Update UTMP about System Boot/Shutdown.
[[0;32m  OK  [0m] Started LSB: AppArmor initialization.
         Starting Raise network interfaces...
[[0;32m  OK  [0m] Started Raise network interfaces.
         Starting Initial cloud-init job (metadata service crawler)...
[[0;32m  OK  [0m] Reached target Network.
[   37.051074] cloud-init[931]: Cloud-init v. 0.7.9 running 'init' at Mon, 03 Jul 2017 02:21:21 +0000. Up 36.42 seconds.
[   37.152966] [cloud-init[0;32m  OK  [0m[931]: ] ci-info: ++++++++++++++++++++++++++++++++++++++Net device info++++++++++++++++++++++++++++++++++++++Started Initial cloud-init job (metadata service crawler).

[   37.153606] cloud-init[931]: ci-info: +--------+-------+----------------------------+---------------+-------+-------------------+
[   37.408577] [cloud-init[0;32m  OK  [0m[931]: ] ci-info: | Device |   Up  |          Address           |      Mask     | Scope |     Hw-Address    |Reached target Network is Online.

[   37.524251]          cloud-initStarting iSCSI initiator daemon (iscsid)...[931]: 
ci-info: +--------+-------+----------------------------+---------------+-------+-------------------+
[   37.549456] [[0;32m  OK  [0m] Reached target Cloud-config availability.
[[0;32m  OK  [0m] Reached target System Initialization.
[[0;32m  OK  [0m] Started Daily Cleanup of Temporary Directories.
[[0;32m  OK  [0m] Listening on UUID daemon activation socket.
cloud-init[931]: ci-info: |   lo   |  True |         127.0.0.1          |   255.0.0.0   |   .   |         .         |
[   37.785127]          cloud-initStarting LXD - unix socket.[931]: 
ci-info: |   lo   |  True |          ::1/128           |       .       |  host |         .         |
[   37.904696] [cloud-init[0;32m  OK  [0m[931]: ] ci-info: | enp0s3 |  True |         10.0.2.15          | 255.255.255.0 |   .   | 02:70:ae:be:ac:28 |Started Timer to automatically refresh installed snaps.

         Starting Socket activation for snappy daemon.
[[0;32m  OK  [0m] Started Daily apt activities.
[[0;32m  OK  [0m] Reached target Timers.
[   37.905253] cloud-init[931]: ci-info: | enp0s3 |  True | fe80::70:aeff:febe:ac28/64 |       .       |  link | 02:70:ae:be:ac:28 |
[   38.264595] [cloud-init[0;32m  OK  [0m[931]: ] ci-info: | enp0s8 | False |             .              |       .       |   .   | 08:00:27:ce:c2:e9 |Started ACPI Events Check.

[[0;32m  OK  [0m] Reached target Paths.
[[0;32m  OK  [0m] Listening on D-Bus System Message Bus Socket.
[   38.265199] cloud-init[931]: ci-info: +--------+-------+----------------------------+---------------+-------+-------------------+
[   38.516257] [cloud-init[0;32m  OK  [0m[931]: ] ci-info: +++++++++++++++++++++++++++Route IPv4 info++++++++++++++++++++++++++++Listening on ACPID Listen Socket.

[   38.516644] cloud-init[931]: ci-info: +-------+-------------+----------+---------------+-----------+-------+
[   38.647244] [[0;32m  OK  [0m] Listening on LXD - unix socket.
[[0;32m  OK  [0m] Listening on Socket activation for snappy daemon.
cloud-init[931]: ci-info: | Route | Destination | Gateway  |    Genmask    | Interface | Flags |
[[0;32m  OK  [0m] Started iSCSI initiator daemon (iscsid).
[   38.648069] cloud-init[931]: ci-info: +-------+-------------+----------+---------------+-----------+-------+
[   38.872545]          cloud-initStarting Login to default iSCSI targets...[931]: 
ci-info: |   0   |   0.0.0.0   | 10.0.2.2 |    0.0.0.0    |   enp0s3  |   UG  |
[   38.992877] [cloud-init[0;32m  OK  [0m[931]: ] ci-info: |   1   |   10.0.2.0  | 0.0.0.0  | 255.255.255.0 |   enp0s3  |   U   |Reached target Sockets.

[   39.100678] [cloud-init[0;32m  OK  [0m[931]: ] ci-info: +-------+-------------+----------+---------------+-----------+-------+Reached target Basic System.

[   39.101533] cloud-init[931]: Generating public/private rsa key pair.
[   39.248341] [cloud-init[0;32m  OK  [0m[931]: ] Your identification has been saved in /etc/ssh/ssh_host_rsa_key.Started FUSE filesystem for LXC.

[   39.248745] cloud-init[931]: Your public key has been saved in /etc/ssh/ssh_host_rsa_key.pub.
[   39.412492]          cloud-initStarting LSB: MD monitoring daemon...[931]: 
The key fingerprint is:
[   39.472459] cloud-init[931]: SHA256:SuPop997krNoG5L/JLVEffkSrKD07UpXzvoPSUVAaUk root@ubuntu-xenial
[[0;32m  OK  [0m] Started D-Bus System Message Bus.
[   39.473134] cloud-init[931]: The key's randomart image is:
[   39.604678]          cloud-initStarting Login Service...[931]: 
+---[RSA 2048]----+
[   39.656478] [cloud-init[0;32m  OK  [0m[931]: ] |           oE+.  |Started Regular background program processing daemon.

[   39.657074] cloud-init[931]: |         . .+o   |
[   39.733551] cloud-init[931]: |      . o ..= .  |
[   39.756244] cloud-init[931]: |     . + o o +   |
[   39.756473] cloud-init[931]: |      + S o + .  |
         Starting LXD - container startup/shutdown...
[   39.756622] cloud-init[931]: |     = = o = o   |
[   39.848435] cloud-init[931]: |    + = +.o =    |
[   39.848702] cloud-init[931]: |   . ooB+o.. .   |
         Starting Pollinate to seed the pseudo random number generator...
[   39.848823] cloud-init[931]: |    o==o**.....  |
[   39.949420] cloud-init[931]: +----[SHA256]-----+
         Starting System Logging Service...
[   39.949732] cloud-init[931]: Generating public/private dsa key pair.
[   40.039907] cloud-init[931]: Your identification has been saved in /etc/ssh/ssh_host_dsa_key.
[   40.040176] cloud-init[931]: Your public key has been saved in /etc/ssh/ssh_host_dsa_key.pub.
         Starting Apply the settings specified in cloud-config...
[   40.040426] cloud-init[931]: The key fingerprint is:
[   40.178293] cloud-init[931]: SHA256:1K+WbIcBKQqzX8nlrCTmU3KIS9/ArDoZ0cdijhjcCJc root@ubuntu-xenial
[[   40.220693] cloud-init[931]: The key's randomart image is:
[   40.221491] cloud-init[931]: +---[DSA 1024]----+
[   40.221847] cloud-init[931]: |   .             |
[0;32m  OK  [0m] Started Snappy daemon.
[   40.221885] cloud-init[931]: |. E      o       |
[   40.312217] cloud-init[931]: |oo=.  . = .      |
[   40.336283] cloud-init[931]: |oo+Oo+ B . .     |
[   40.346811] cloud-init[931]: |.*+oX B S . .    |
[   40.347510] cloud-init[931]: |+..B X . . =     |
[   40.347571] cloud-init[931]: | oo = o   B .    |
[   40.348852] cloud-init[931]: |o.   .   o .     |
[   40.348922] cloud-init[931]: |..               |
[   40.349015] cloud-init[931]: +----[SHA256]-----+
         Starting Auto import assertions from block devices...
[   40.349140] cloud-init[931]: Generating public/private ecdsa key pair.
[   40.520659] cloud-init[931]: Your identification has been saved in /etc/ssh/ssh_host_ecdsa_key.
[   40.521311] cloud-init[931]: Your public key has been saved in /etc/ssh/ssh_host_ecdsa_key.pub.
[   40.522162] cloud-init[931]: The key fingerprint is:
[   40.522421] cloud-init[931]: SHA256:2XGsy7CbKP9nW8PRzZgbmc60VKYKReBKvyq56s/KiNw root@ubuntu-xenial
         Starting LSB: Record successful boot for GRUB...
[   40.522459] cloud-init[931]: The key's randomart image is:
[   40.625576] cloud-init[931]: +---[ECDSA 256]---+
[   40.640068] cloud-init[931]: |          ...    |
         Starting /etc/rc.local Compatibility...
[   40.651658] cloud-init[931]: |         . o     |
[[0;32m  OK  [0m] Started ACPI event daemon.
[   40.711455] cloud-init[931]: |        . o +   o|
         Starting Accounts Service...
[   40.782612] cloud-init[931]: |       . = = . @ |
[   40.848337] [cloud-init[0;32m  OK  [0m[931]: ] |        S = . @ o|Started Deferred execution scheduler.

[   40.849015] cloud-init[931]: |         + = B + |
[   40.936481] [cloud-init[0;32m  OK  [0m[931]: ] |       .. + = =  |Started System Logging Service.

[   40.937101] cloud-init[931]: |...o..o. +o. .   |
[   41.036271] [cloud-init[0;32m  OK  [0m[931]: ] |...E=**+=o..     |Started LXD - container startup/shutdown.

[   41.036762] cloud-init[931]: +----[SHA256]-----+
[   41.124524] cloud-init[931]: Generating public/private ed25519 key pair.
[   41.184403] cloud-init[931]: Your identification has been saved in /etc/ssh/ssh_host_ed25519_key.
[   41.232368] cloud-init[931]: Your public key has been saved in /etc/ssh/ssh_host_ed25519_key.pub.
[[0;32m  OK  [0m] Started Auto import assertions from block devices.
[[0;32m  OK  [0m] Started /etc/rc.local Compatibility.
[   41.296421] cloud-init[931]: The key fingerprint is:
[   41.390886] cloud-init[931]: SHA256:fhCDU+O/nJbaCYKWRmwucMUIg0KDNklwvBTxTWoKp1g root@ubuntu-xenial
[   41.428327] cloud-init[931]: The key's randomart image is:
[[0;32m  OK  [0m] Started LSB: MD monitoring daemon.
[   41.428815] cloud-init[931]: +--[ED25519 256]--+
[   41.444588] cloud-init[931]: |X==o  . o        |
[   41.472459] [cloud-init[0;32m  OK  [0m[931]: ] |+B++ + + .       |Started Login to default iSCSI targets.

[   41.473077] cloud-init[931]: |+.E.* + +        |
[   41.549206] cloud-init[931]: |.=.=   . +       |
[[0;32m  OK  [0m] Started LSB: Record successful boot for GRUB.
[   41.580381] cloud-init[931]: |+ o +   S .      |
[[0;32m  OK  [0m] Started Login Service.
[   41.640570] cloud-init[931]: | o + o . o +     |
[   41.684262] cloud-init[931]: |  . * . o B      |
         Starting Authenticate and Authorize Users to Run Privileged Tasks...
[[0;32m  OK  [0m] Stopped OpenBSD Secure Shell server.
[   41.684806] cloud-init[931]: |   +   . * .     |
         Starting OpenBSD Secure Shell server...
[[0;32m  OK  [0m] Reached target Remote File Systems (Pre).
[[0;32m  OK  [0m] Reached target Remote File Systems.
[   41.801150] cloud-init[931]: |        . o      |
[   41.904558]          cloud-initStarting LSB: VirtualBox Linux Additions...[931]: 
+----[SHA256]-----+
         Starting Permit User Sessions...
[   41.968887] cloud-init[1095]: Generating locales (this might take a while)...
[   42.003603]          Starting LSB: automatic crash report generation...
cloud-init         Starting LSB: Set the CPU Frequency Scaling governor to "ondemand"...
         Starting LSB: daemon to balance interrupts for SMP systems...
[1095]:   en_US.UTF-8... done
[[0;32m  OK  [0m] Started OpenBSD Secure Shell server.
[   42.060834] cloud-init[1095]: Generation complete.
[[0;32m  OK  [0m] Started Permit User Sessions.
[[0;32m  OK  [0m] Started Authenticate and Authorize Users to Run Privileged Tasks.
[[0;32m  OK  [0m] Started Accounts Service.
[[0;32m  OK  [0m] Started Pollinate to seed the pseudo random number generator.
[   42.298193] cloud-init[1095]: Cloud-init v. 0.7.9 running 'modules:config' at Mon, 03 Jul 2017 02:21:25 +0000. Up 40.31 seconds.
[[0;32m  OK  [0m] Created slice User Slice of ubuntu.
[[0;32m  OK  [0m] Started Session 1 of user ubuntu.
         Starting User Manager for UID 1000...
         Starting Terminate Plymouth Boot Screen...
         Starting Hold until boot process finishes up...
[[0;32m  OK  [0m] Started User Manager for UID 1000.
[[0;32m  OK  [0m] Started Apply the settings specified in cloud-config.
[[0;32m  OK  [0m] Started LSB: VirtualBox Linux Additions.
[[0;32m  OK  [0m] Started LSB: automatic crash report generation.
[[0;32m  OK  [0m] Started LSB: Set the CPU Frequency Scaling governor to "ondemand".
[[0;32m  OK  [0m] Started LSB: daemon to balance interrupts for SMP systems.
[[0;32m  OK  [0m] Started Terminate Plymouth Boot Screen.
[[0;32m  OK  [0m] Started Hold until boot process finishes up.
[[0;32m  OK  [0m] Started Getty on tty1.
         Starting Set console scheme...
[[0;32m  OK  [0m] Started Serial Getty on ttyS0.
[[0;32m  OK  [0m] Reached target Login Prompts.
[[0;32m  OK  [0m] Reached target Multi-User System.
[[0;32m  OK  [0m] Reached target Graphical Interface.
         Starting Update UTMP about System Runlevel Changes...
         Starting Execute cloud user/final scripts...
[[0;32m  OK  [0m] Started Set console scheme.
[[0;32m  OK  [0m] Started Update UTMP about System Runlevel Changes.
ci-info: no authorized ssh keys fingerprints found for user ubuntu.
<14>Jul  3 02:21:28 ec2: 
<14>Jul  3 02:21:28 ec2: #############################################################
<14>Jul  3 02:21:28 ec2: -----BEGIN SSH HOST KEY FINGERPRINTS-----
<14>Jul  3 02:21:28 ec2: 1024 SHA256:1K+WbIcBKQqzX8nlrCTmU3KIS9/ArDoZ0cdijhjcCJc root@ubuntu-xenial (DSA)
<14>Jul  3 02:21:28 ec2: 256 SHA256:2XGsy7CbKP9nW8PRzZgbmc60VKYKReBKvyq56s/KiNw root@ubuntu-xenial (ECDSA)
<14>Jul  3 02:21:28 ec2: 256 SHA256:fhCDU+O/nJbaCYKWRmwucMUIg0KDNklwvBTxTWoKp1g root@ubuntu-xenial (ED25519)
<14>Jul  3 02:21:28 ec2: 2048 SHA256:SuPop997krNoG5L/JLVEffkSrKD07UpXzvoPSUVAaUk root@ubuntu-xenial (RSA)
<14>Jul  3 02:21:28 ec2: -----END SSH HOST KEY FINGERPRINTS-----
<14>Jul  3 02:21:28 ec2: #############################################################
-----BEGIN SSH HOST KEY KEYS-----
ecdsa-sha2-nistp256 AAAAE2VjZHNhLXNoYTItbmlzdHAyNTYAAAAIbmlzdHAyNTYAAABBBCuDNJB3/vxr7A38CBUFXt24R2Zzk1NXKWcsdKiE6ckF6llgrVOP82NmRINyI9c8uTuhRoXzPTT8DpRKhR0UHrA= root@ubuntu-xenial
ssh-ed25519 AAAAC3NzaC1lZDI1NTE5AAAAIEL3RoQSBvkHbcdIxfotH3OM3nlKHzpEsZr4oDOeva+g root@ubuntu-xenial
ssh-rsa AAAAB3NzaC1yc2EAAAADAQABAAABAQCp6R11OWNKjI4VFAK1vtGWqjPmC27UNFRgF/h8ZLpUsQMX5CxUJaknZHM3hx6ubxzkZeOFGJVLaSdLhHw1YP4JHp+L/7Kj6VO12SOK23SK8pbxTv2p5wS2HdbpR1Grd3iRr+C4y3bWFUrnXOP8hfbkPVoGqrMwRb7e3iXiWNMtIKj3Gb0ywdy58coy2KUww741gSwuR7eYhRY9/C1cmb4n8TQHXApfs96RfEu0avmLgFp1whxjIXZaSG7Wtx356GaT/6iW4abPmMDKn/RZfkYsvrxdTTQij8HaHqMnV8c1hXrz0RmdWhK0m8kzrI100fDpgpaKVE9HDkdgZbsgbmGP root@ubuntu-xenial
-----END SSH HOST KEY KEYS-----
[   44.763363] cloud-init[1306]: Cloud-init v. 0.7.9 running 'modules:final' at Mon, 03 Jul 2017 02:21:28 +0000. Up 43.65 seconds.
[   44.840454] [cloud-init[0;32m  OK  [0m[1306]: ] ci-info: no authorized ssh keys fingerprints found for user ubuntu.Started Execute cloud user/final scripts.

[   44.840908] cloud-init[1306]: Cloud-init v. 0.7.9 finished at Mon, 03 Jul 2017 02:21:29 +0000. Datasource DataSourceNoCloud [seed=/dev/sdb][dsmode=net].  Up 44.75 seconds
[[0;32m  OK  [0m] Started Session 2 of user ubuntu.
[[0;32m  OK  [0m] Reached target Cloud-init target.

Ubuntu 16.04.2 LTS automan ttyS0

automan login: 